# JRE version: OpenJDK Runtime Environment (8.0_152-b01) (build 1.8.0_152-release-915-b01)
# Java VM: OpenJDK 64-Bit Server VM (25.152-b01 mixed mode windows-amd64 compressed oops)
Heap:
 PSYoungGen      total 33280K, used 25194K [0x00000000ec700000, 0x00000000eea00000, 0x0000000100000000)
  eden space 30720K, 82% used [0x00000000ec700000,0x00000000edf9aa20,0x00000000ee500000)
  from space 2560K, 0% used [0x00000000ee500000,0x00000000ee500000,0x00000000ee780000)
  to   space 2560K, 0% used [0x00000000ee780000,0x00000000ee780000,0x00000000eea00000)
 ParOldGen       total 43008K, used 10634K [0x00000000c5400000, 0x00000000c7e00000, 0x00000000ec700000)
  object space 43008K, 24% used [0x00000000c5400000,0x00000000c5e62ab8,0x00000000c7e00000)
 Metaspace       used 24716K, capacity 25050K, committed 25392K, reserved 1071104K
  class space    used 3187K, capacity 3307K, committed 3376K, reserved 1048576K
GC Heap History (10 events):
Event: 0.949 GC heap before
{Heap before GC invocations=2 (full 0):
 PSYoungGen      total 17920K, used 17914K [0x00000000ec700000, 0x00000000edb00000, 0x0000000100000000)
  eden space 15360K, 100% used [0x00000000ec700000,0x00000000ed600000,0x00000000ed600000)
  from space 2560K, 99% used [0x00000000ed600000,0x00000000ed87e890,0x00000000ed880000)
  to   space 2560K, 0% used [0x00000000ed880000,0x00000000ed880000,0x00000000edb00000)
 ParOldGen       total 40960K, used 1185K [0x00000000c5400000, 0x00000000c7c00000, 0x00000000ec700000)
  object space 40960K, 2% used [0x00000000c5400000,0x00000000c5528408,0x00000000c7c00000)
 Metaspace       used 8873K, capacity 9652K, committed 9856K, reserved 1058816K
  class space    used 1011K, capacity 1072K, committed 1152K, reserved 1048576K
Event: 0.956 GC heap after
Heap after GC invocations=2 (full 0):
 PSYoungGen      total 17920K, used 2548K [0x00000000ec700000, 0x00000000eea00000, 0x0000000100000000)
  eden space 15360K, 0% used [0x00000000ec700000,0x00000000ec700000,0x00000000ed600000)
  from space 2560K, 99% used [0x00000000ed880000,0x00000000edafd378,0x00000000edb00000)
  to   space 2560K, 0% used [0x00000000ed600000,0x00000000ed600000,0x00000000ed880000)
 ParOldGen       total 40960K, used 3316K [0x00000000c5400000, 0x00000000c7c00000, 0x00000000ec700000)
  object space 40960K, 8% used [0x00000000c5400000,0x00000000c573d2e0,0x00000000c7c00000)
 Metaspace       used 8873K, capacity 9652K, committed 9856K, reserved 1058816K
  class space    used 1011K, capacity 1072K, committed 1152K, reserved 1048576K
}
Event: 1.393 GC heap before
{Heap before GC invocations=3 (full 0):
 PSYoungGen      total 17920K, used 17908K [0x00000000ec700000, 0x00000000eea00000, 0x0000000100000000)
  eden space 15360K, 100% used [0x00000000ec700000,0x00000000ed600000,0x00000000ed600000)
  from space 2560K, 99% used [0x00000000ed880000,0x00000000edafd378,0x00000000edb00000)
  to   space 2560K, 0% used [0x00000000ed600000,0x00000000ed600000,0x00000000ed880000)
 ParOldGen       total 40960K, used 3316K [0x00000000c5400000, 0x00000000c7c00000, 0x00000000ec700000)
  object space 40960K, 8% used [0x00000000c5400000,0x00000000c573d2e0,0x00000000c7c00000)
 Metaspace       used 13578K, capacity 13850K, committed 14080K, reserved 1060864K
  class space    used 1603K, capacity 1675K, committed 1792K, reserved 1048576K
Event: 1.402 GC heap after
Heap after GC invocations=3 (full 0):
 PSYoungGen      total 17920K, used 2528K [0x00000000ec700000, 0x00000000eea00000, 0x0000000100000000)
  eden space 15360K, 0% used [0x00000000ec700000,0x00000000ec700000,0x00000000ed600000)
  from space 2560K, 98% used [0x00000000ed600000,0x00000000ed878020,0x00000000ed880000)
  to   space 2560K, 0% used [0x00000000ee780000,0x00000000ee780000,0x00000000eea00000)
 ParOldGen       total 40960K, used 6630K [0x00000000c5400000, 0x00000000c7c00000, 0x00000000ec700000)
  object space 40960K, 16% used [0x00000000c5400000,0x00000000c5a799d8,0x00000000c7c00000)
 Metaspace       used 13578K, capacity 13850K, committed 14080K, reserved 1060864K
  class space    used 1603K, capacity 1675K, committed 1792K, reserved 1048576K
}
Event: 1.807 GC heap before
{Heap before GC invocations=4 (full 0):
 PSYoungGen      total 17920K, used 17888K [0x00000000ec700000, 0x00000000eea00000, 0x0000000100000000)
  eden space 15360K, 100% used [0x00000000ec700000,0x00000000ed600000,0x00000000ed600000)
  from space 2560K, 98% used [0x00000000ed600000,0x00000000ed878020,0x00000000ed880000)
  to   space 2560K, 0% used [0x00000000ee780000,0x00000000ee780000,0x00000000eea00000)
 ParOldGen       total 40960K, used 6630K [0x00000000c5400000, 0x00000000c7c00000, 0x00000000ec700000)
  object space 40960K, 16% used [0x00000000c5400000,0x00000000c5a799d8,0x00000000c7c00000)
 Metaspace       used 16911K, capacity 17232K, committed 17664K, reserved 1064960K
  class space    used 2109K, capacity 2208K, committed 2304K, reserved 1048576K
Event: 1.817 GC heap after
Heap after GC invocations=4 (full 0):
 PSYoungGen      total 33280K, used 2544K [0x00000000ec700000, 0x00000000eea00000, 0x0000000100000000)
  eden space 30720K, 0% used [0x00000000ec700000,0x00000000ec700000,0x00000000ee500000)
  from space 2560K, 99% used [0x00000000ee780000,0x00000000ee9fc010,0x00000000eea00000)
  to   space 2560K, 0% used [0x00000000ee500000,0x00000000ee500000,0x00000000ee780000)
 ParOldGen       total 40960K, used 9880K [0x00000000c5400000, 0x00000000c7c00000, 0x00000000ec700000)
  object space 40960K, 24% used [0x00000000c5400000,0x00000000c5da62c8,0x00000000c7c00000)
 Metaspace       used 16911K, capacity 17232K, committed 17664K, reserved 1064960K
  class space    used 2109K, capacity 2208K, committed 2304K, reserved 1048576K
}
Event: 2.689 GC heap before
{Heap before GC invocations=5 (full 0):
 PSYoungGen      total 33280K, used 32745K [0x00000000ec700000, 0x00000000eea00000, 0x0000000100000000)
  eden space 30720K, 98% used [0x00000000ec700000,0x00000000ee47e648,0x00000000ee500000)
  from space 2560K, 99% used [0x00000000ee780000,0x00000000ee9fc010,0x00000000eea00000)
  to   space 2560K, 0% used [0x00000000ee500000,0x00000000ee500000,0x00000000ee780000)
 ParOldGen       total 40960K, used 9880K [0x00000000c5400000, 0x00000000c7c00000, 0x00000000ec700000)
  object space 40960K, 24% used [0x00000000c5400000,0x00000000c5da62c8,0x00000000c7c00000)
 Metaspace       used 20767K, capacity 21108K, committed 21296K, reserved 1067008K
  class space    used 2723K, capacity 2852K, committed 2864K, reserved 1048576K
Event: 2.707 GC heap after
Heap after GC invocations=5 (full 0):
 PSYoungGen      total 33280K, used 2548K [0x00000000ec700000, 0x00000000eea00000, 0x0000000100000000)
  eden space 30720K, 0% used [0x00000000ec700000,0x00000000ec700000,0x00000000ee500000)
  from space 2560K, 99% used [0x00000000ee500000,0x00000000ee77d050,0x00000000ee780000)
  to   space 2560K, 0% used [0x00000000ee780000,0x00000000ee780000,0x00000000eea00000)
 ParOldGen       total 40960K, used 16771K [0x00000000c5400000, 0x00000000c7c00000, 0x00000000ec700000)
  object space 40960K, 40% used [0x00000000c5400000,0x00000000c6460d10,0x00000000c7c00000)
 Metaspace       used 20767K, capacity 21108K, committed 21296K, reserved 1067008K
  class space    used 2723K, capacity 2852K, committed 2864K, reserved 1048576K
}
Event: 2.707 GC heap before
{Heap before GC invocations=6 (full 1):
 PSYoungGen      total 33280K, used 2548K [0x00000000ec700000, 0x00000000eea00000, 0x0000000100000000)
  eden space 30720K, 0% used [0x00000000ec700000,0x00000000ec700000,0x00000000ee500000)
  from space 2560K, 99% used [0x00000000ee500000,0x00000000ee77d050,0x00000000ee780000)
  to   space 2560K, 0% used [0x00000000ee780000,0x00000000ee780000,0x00000000eea00000)
 ParOldGen       total 40960K, used 16771K [0x00000000c5400000, 0x00000000c7c00000, 0x00000000ec700000)
  object space 40960K, 40% used [0x00000000c5400000,0x00000000c6460d10,0x00000000c7c00000)
 Metaspace       used 20767K, capacity 21108K, committed 21296K, reserved 1067008K
  class space    used 2723K, capacity 2852K, committed 2864K, reserved 1048576K
Event: 2.793 GC heap after
Heap after GC invocations=6 (full 1):
 PSYoungGen      total 33280K, used 0K [0x00000000ec700000, 0x00000000eea00000, 0x0000000100000000)
  eden space 30720K, 0% used [0x00000000ec700000,0x00000000ec700000,0x00000000ee500000)
  from space 2560K, 0% used [0x00000000ee500000,0x00000000ee500000,0x00000000ee780000)
  to   space 2560K, 0% used [0x00000000ee780000,0x00000000ee780000,0x00000000eea00000)
 ParOldGen       total 43008K, used 10634K [0x00000000c5400000, 0x00000000c7e00000, 0x00000000ec700000)
  object space 43008K, 24% used [0x00000000c5400000,0x00000000c5e62ab8,0x00000000c7e00000)
 Metaspace       used 20767K, capacity 21108K, committed 21296K, reserved 1067008K
  class space    used 2723K, capacity 2852K, committed 2864K, reserved 1048576K
}

