# JRE version: OpenJDK Runtime Environment (8.0_152-b01) (build 1.8.0_152-release-915-b01)
# Java VM: OpenJDK 64-Bit Server VM (25.152-b01 mixed mode windows-amd64 compressed oops)
Heap:
 PSYoungGen      total 184320K, used 66610K [0x00000000e0000000, 0x00000000ef000000, 0x0000000100000000)
  eden space 134144K, 30% used [0x00000000e0000000,0x00000000e27e4080,0x00000000e8300000)
  from space 50176K, 51% used [0x00000000eb500000,0x00000000ece28a48,0x00000000ee600000)
  to   space 51200K, 0% used [0x00000000e8300000,0x00000000e8300000,0x00000000eb500000)
 ParOldGen       total 135680K, used 44889K [0x00000000a0000000, 0x00000000a8480000, 0x00000000e0000000)
  object space 135680K, 33% used [0x00000000a0000000,0x00000000a2bd66d8,0x00000000a8480000)
 Metaspace       used 55599K, capacity 56616K, committed 56960K, reserved 1099776K
  class space    used 6658K, capacity 6994K, committed 7040K, reserved 1048576K
GC Heap History (10 events):
Event: 800.819 GC heap before
{Heap before GC invocations=19 (full 4):
 PSYoungGen      total 139264K, used 139242K [0x00000000e0000000, 0x00000000ec680000, 0x0000000100000000)
  eden space 107008K, 100% used [0x00000000e0000000,0x00000000e6880000,0x00000000e6880000)
  from space 32256K, 99% used [0x00000000e8f80000,0x00000000eaefa880,0x00000000eaf00000)
  to   space 39936K, 0% used [0x00000000e6880000,0x00000000e6880000,0x00000000e8f80000)
 ParOldGen       total 99840K, used 38252K [0x00000000a0000000, 0x00000000a6180000, 0x00000000e0000000)
  object space 99840K, 38% used [0x00000000a0000000,0x00000000a255b0a0,0x00000000a6180000)
 Metaspace       used 53205K, capacity 54110K, committed 54656K, reserved 1097728K
  class space    used 6454K, capacity 6713K, committed 6784K, reserved 1048576K
Event: 801.480 GC heap after
Heap after GC invocations=19 (full 4):
 PSYoungGen      total 146944K, used 39927K [0x00000000e0000000, 0x00000000ee600000, 0x0000000100000000)
  eden space 107008K, 0% used [0x00000000e0000000,0x00000000e0000000,0x00000000e6880000)
  from space 39936K, 99% used [0x00000000e6880000,0x00000000e8f7dfb0,0x00000000e8f80000)
  to   space 50176K, 0% used [0x00000000eb500000,0x00000000eb500000,0x00000000ee600000)
 ParOldGen       total 99840K, used 49378K [0x00000000a0000000, 0x00000000a6180000, 0x00000000e0000000)
  object space 99840K, 49% used [0x00000000a0000000,0x00000000a30388a0,0x00000000a6180000)
 Metaspace       used 53205K, capacity 54110K, committed 54656K, reserved 1097728K
  class space    used 6454K, capacity 6713K, committed 6784K, reserved 1048576K
}
Event: 805.734 GC heap before
{Heap before GC invocations=20 (full 4):
 PSYoungGen      total 146944K, used 146935K [0x00000000e0000000, 0x00000000ee600000, 0x0000000100000000)
  eden space 107008K, 100% used [0x00000000e0000000,0x00000000e6880000,0x00000000e6880000)
  from space 39936K, 99% used [0x00000000e6880000,0x00000000e8f7dfb0,0x00000000e8f80000)
  to   space 50176K, 0% used [0x00000000eb500000,0x00000000eb500000,0x00000000ee600000)
 ParOldGen       total 99840K, used 49378K [0x00000000a0000000, 0x00000000a6180000, 0x00000000e0000000)
  object space 99840K, 49% used [0x00000000a0000000,0x00000000a30388a0,0x00000000a6180000)
 Metaspace       used 53807K, capacity 54716K, committed 55168K, reserved 1097728K
  class space    used 6480K, capacity 6754K, committed 6784K, reserved 1048576K
Event: 806.054 GC heap after
Heap after GC invocations=20 (full 4):
 PSYoungGen      total 184320K, used 29427K [0x00000000e0000000, 0x00000000ef000000, 0x0000000100000000)
  eden space 134144K, 0% used [0x00000000e0000000,0x00000000e0000000,0x00000000e8300000)
  from space 50176K, 58% used [0x00000000eb500000,0x00000000ed1bcd40,0x00000000ee600000)
  to   space 51200K, 0% used [0x00000000e8300000,0x00000000e8300000,0x00000000eb500000)
 ParOldGen       total 99840K, used 81226K [0x00000000a0000000, 0x00000000a6180000, 0x00000000e0000000)
  object space 99840K, 81% used [0x00000000a0000000,0x00000000a4f52900,0x00000000a6180000)
 Metaspace       used 53807K, capacity 54716K, committed 55168K, reserved 1097728K
  class space    used 6480K, capacity 6754K, committed 6784K, reserved 1048576K
}
Event: 806.099 GC heap before
{Heap before GC invocations=21 (full 5):
 PSYoungGen      total 184320K, used 29427K [0x00000000e0000000, 0x00000000ef000000, 0x0000000100000000)
  eden space 134144K, 0% used [0x00000000e0000000,0x00000000e0000000,0x00000000e8300000)
  from space 50176K, 58% used [0x00000000eb500000,0x00000000ed1bcd40,0x00000000ee600000)
  to   space 51200K, 0% used [0x00000000e8300000,0x00000000e8300000,0x00000000eb500000)
 ParOldGen       total 99840K, used 81226K [0x00000000a0000000, 0x00000000a6180000, 0x00000000e0000000)
  object space 99840K, 81% used [0x00000000a0000000,0x00000000a4f52900,0x00000000a6180000)
 Metaspace       used 53807K, capacity 54716K, committed 55168K, reserved 1097728K
  class space    used 6480K, capacity 6754K, committed 6784K, reserved 1048576K
Event: 806.781 GC heap after
Heap after GC invocations=21 (full 5):
 PSYoungGen      total 184320K, used 0K [0x00000000e0000000, 0x00000000ef000000, 0x0000000100000000)
  eden space 134144K, 0% used [0x00000000e0000000,0x00000000e0000000,0x00000000e8300000)
  from space 50176K, 0% used [0x00000000eb500000,0x00000000eb500000,0x00000000ee600000)
  to   space 51200K, 0% used [0x00000000e8300000,0x00000000e8300000,0x00000000eb500000)
 ParOldGen       total 135680K, used 44397K [0x00000000a0000000, 0x00000000a8480000, 0x00000000e0000000)
  object space 135680K, 32% used [0x00000000a0000000,0x00000000a2b5b688,0x00000000a8480000)
 Metaspace       used 53807K, capacity 54716K, committed 55168K, reserved 1097728K
  class space    used 6480K, capacity 6754K, committed 6784K, reserved 1048576K
}
Event: 1134.104 GC heap before
{Heap before GC invocations=22 (full 5):
 PSYoungGen      total 184320K, used 134144K [0x00000000e0000000, 0x00000000ef000000, 0x0000000100000000)
  eden space 134144K, 100% used [0x00000000e0000000,0x00000000e8300000,0x00000000e8300000)
  from space 50176K, 0% used [0x00000000eb500000,0x00000000eb500000,0x00000000ee600000)
  to   space 51200K, 0% used [0x00000000e8300000,0x00000000e8300000,0x00000000eb500000)
 ParOldGen       total 135680K, used 44397K [0x00000000a0000000, 0x00000000a8480000, 0x00000000e0000000)
  object space 135680K, 32% used [0x00000000a0000000,0x00000000a2b5b688,0x00000000a8480000)
 Metaspace       used 54340K, capacity 55320K, committed 55808K, reserved 1097728K
  class space    used 6522K, capacity 6798K, committed 6912K, reserved 1048576K
Event: 1134.419 GC heap after
Heap after GC invocations=22 (full 5):
 PSYoungGen      total 185344K, used 30620K [0x00000000e0000000, 0x00000000ef000000, 0x0000000100000000)
  eden space 134144K, 0% used [0x00000000e0000000,0x00000000e0000000,0x00000000e8300000)
  from space 51200K, 59% used [0x00000000e8300000,0x00000000ea0e73f8,0x00000000eb500000)
  to   space 50176K, 0% used [0x00000000eb500000,0x00000000eb500000,0x00000000ee600000)
 ParOldGen       total 135680K, used 44405K [0x00000000a0000000, 0x00000000a8480000, 0x00000000e0000000)
  object space 135680K, 32% used [0x00000000a0000000,0x00000000a2b5d688,0x00000000a8480000)
 Metaspace       used 54340K, capacity 55320K, committed 55808K, reserved 1097728K
  class space    used 6522K, capacity 6798K, committed 6912K, reserved 1048576K
}
Event: 1830.529 GC heap before
{Heap before GC invocations=23 (full 5):
 PSYoungGen      total 185344K, used 164764K [0x00000000e0000000, 0x00000000ef000000, 0x0000000100000000)
  eden space 134144K, 100% used [0x00000000e0000000,0x00000000e8300000,0x00000000e8300000)
  from space 51200K, 59% used [0x00000000e8300000,0x00000000ea0e73f8,0x00000000eb500000)
  to   space 50176K, 0% used [0x00000000eb500000,0x00000000eb500000,0x00000000ee600000)
 ParOldGen       total 135680K, used 44405K [0x00000000a0000000, 0x00000000a8480000, 0x00000000e0000000)
  object space 135680K, 32% used [0x00000000a0000000,0x00000000a2b5d688,0x00000000a8480000)
 Metaspace       used 55051K, capacity 55996K, committed 56320K, reserved 1099776K
  class space    used 6583K, capacity 6872K, committed 6912K, reserved 1048576K
Event: 1830.622 GC heap after
Heap after GC invocations=23 (full 5):
 PSYoungGen      total 184320K, used 25762K [0x00000000e0000000, 0x00000000ef000000, 0x0000000100000000)
  eden space 134144K, 0% used [0x00000000e0000000,0x00000000e0000000,0x00000000e8300000)
  from space 50176K, 51% used [0x00000000eb500000,0x00000000ece28a48,0x00000000ee600000)
  to   space 51200K, 0% used [0x00000000e8300000,0x00000000e8300000,0x00000000eb500000)
 ParOldGen       total 135680K, used 44889K [0x00000000a0000000, 0x00000000a8480000, 0x00000000e0000000)
  object space 135680K, 33% used [0x00000000a0000000,0x00000000a2bd66d8,0x00000000a8480000)
 Metaspace       used 55051K, capacity 55996K, committed 56320K, reserved 1099776K
  class space    used 6583K, capacity 6872K, committed 6912K, reserved 1048576K
}

