# JRE version: OpenJDK Runtime Environment (8.0_152-b01) (build 1.8.0_152-release-915-b01)
# Java VM: OpenJDK 64-Bit Server VM (25.152-b01 mixed mode windows-amd64 compressed oops)
Heap:
 PSYoungGen      total 72704K, used 31667K [0x00000000ec700000, 0x00000000f3a00000, 0x0000000100000000)
  eden space 53248K, 59% used [0x00000000ec700000,0x00000000ee5ece50,0x00000000efb00000)
  from space 19456K, 0% used [0x00000000efb00000,0x00000000efb00000,0x00000000f0e00000)
  to   space 20480K, 0% used [0x00000000f2600000,0x00000000f2600000,0x00000000f3a00000)
 ParOldGen       total 43008K, used 29389K [0x00000000c5400000, 0x00000000c7e00000, 0x00000000ec700000)
  object space 43008K, 68% used [0x00000000c5400000,0x00000000c70b37a0,0x00000000c7e00000)
 Metaspace       used 37741K, capacity 38306K, committed 38824K, reserved 1083392K
  class space    used 4840K, capacity 4991K, committed 5040K, reserved 1048576K
GC Heap History (10 events):
Event: 4.070 GC heap before
{Heap before GC invocations=7 (full 1):
 PSYoungGen      total 33280K, used 30720K [0x00000000ec700000, 0x00000000f1600000, 0x0000000100000000)
  eden space 30720K, 100% used [0x00000000ec700000,0x00000000ee500000,0x00000000ee500000)
  from space 2560K, 0% used [0x00000000ee500000,0x00000000ee500000,0x00000000ee780000)
  to   space 9728K, 0% used [0x00000000f0c80000,0x00000000f0c80000,0x00000000f1600000)
 ParOldGen       total 43008K, used 10608K [0x00000000c5400000, 0x00000000c7e00000, 0x00000000ec700000)
  object space 43008K, 24% used [0x00000000c5400000,0x00000000c5e5c148,0x00000000c7e00000)
 Metaspace       used 25699K, capacity 26010K, committed 26544K, reserved 1073152K
  class space    used 3323K, capacity 3435K, committed 3504K, reserved 1048576K
Event: 4.089 GC heap after
Heap after GC invocations=7 (full 1):
 PSYoungGen      total 51712K, used 8685K [0x00000000ec700000, 0x00000000f1500000, 0x0000000100000000)
  eden space 43008K, 0% used [0x00000000ec700000,0x00000000ec700000,0x00000000ef100000)
  from space 8704K, 99% used [0x00000000f0c80000,0x00000000f14fb6a0,0x00000000f1500000)
  to   space 10752K, 0% used [0x00000000f0000000,0x00000000f0000000,0x00000000f0a80000)
 ParOldGen       total 43008K, used 10616K [0x00000000c5400000, 0x00000000c7e00000, 0x00000000ec700000)
  object space 43008K, 24% used [0x00000000c5400000,0x00000000c5e5e148,0x00000000c7e00000)
 Metaspace       used 25699K, capacity 26010K, committed 26544K, reserved 1073152K
  class space    used 3323K, capacity 3435K, committed 3504K, reserved 1048576K
}
Event: 5.798 GC heap before
{Heap before GC invocations=8 (full 1):
 PSYoungGen      total 51712K, used 51693K [0x00000000ec700000, 0x00000000f1500000, 0x0000000100000000)
  eden space 43008K, 100% used [0x00000000ec700000,0x00000000ef100000,0x00000000ef100000)
  from space 8704K, 99% used [0x00000000f0c80000,0x00000000f14fb6a0,0x00000000f1500000)
  to   space 10752K, 0% used [0x00000000f0000000,0x00000000f0000000,0x00000000f0a80000)
 ParOldGen       total 43008K, used 10616K [0x00000000c5400000, 0x00000000c7e00000, 0x00000000ec700000)
  object space 43008K, 24% used [0x00000000c5400000,0x00000000c5e5e148,0x00000000c7e00000)
 Metaspace       used 31794K, capacity 32248K, committed 32688K, reserved 1077248K
  class space    used 4104K, capacity 4238K, committed 4272K, reserved 1048576K
Event: 5.816 GC heap after
Heap after GC invocations=8 (full 1):
 PSYoungGen      total 69120K, used 10746K [0x00000000ec700000, 0x00000000f1b80000, 0x0000000100000000)
  eden space 58368K, 0% used [0x00000000ec700000,0x00000000ec700000,0x00000000f0000000)
  from space 10752K, 99% used [0x00000000f0000000,0x00000000f0a7eab0,0x00000000f0a80000)
  to   space 13824K, 0% used [0x00000000f0e00000,0x00000000f0e00000,0x00000000f1b80000)
 ParOldGen       total 43008K, used 13600K [0x00000000c5400000, 0x00000000c7e00000, 0x00000000ec700000)
  object space 43008K, 31% used [0x00000000c5400000,0x00000000c6148168,0x00000000c7e00000)
 Metaspace       used 31794K, capacity 32248K, committed 32688K, reserved 1077248K
  class space    used 4104K, capacity 4238K, committed 4272K, reserved 1048576K
}
Event: 7.515 GC heap before
{Heap before GC invocations=9 (full 1):
 PSYoungGen      total 69120K, used 69114K [0x00000000ec700000, 0x00000000f1b80000, 0x0000000100000000)
  eden space 58368K, 100% used [0x00000000ec700000,0x00000000f0000000,0x00000000f0000000)
  from space 10752K, 99% used [0x00000000f0000000,0x00000000f0a7eab0,0x00000000f0a80000)
  to   space 13824K, 0% used [0x00000000f0e00000,0x00000000f0e00000,0x00000000f1b80000)
 ParOldGen       total 43008K, used 13600K [0x00000000c5400000, 0x00000000c7e00000, 0x00000000ec700000)
  object space 43008K, 31% used [0x00000000c5400000,0x00000000c6148168,0x00000000c7e00000)
 Metaspace       used 34541K, capacity 35052K, committed 35496K, reserved 1081344K
  class space    used 4342K, capacity 4480K, committed 4528K, reserved 1048576K
Event: 7.552 GC heap after
Heap after GC invocations=9 (full 1):
 PSYoungGen      total 67072K, used 13801K [0x00000000ec700000, 0x00000000f3b80000, 0x0000000100000000)
  eden space 53248K, 0% used [0x00000000ec700000,0x00000000ec700000,0x00000000efb00000)
  from space 13824K, 99% used [0x00000000f0e00000,0x00000000f1b7a5c0,0x00000000f1b80000)
  to   space 19456K, 0% used [0x00000000efb00000,0x00000000efb00000,0x00000000f0e00000)
 ParOldGen       total 43008K, used 21717K [0x00000000c5400000, 0x00000000c7e00000, 0x00000000ec700000)
  object space 43008K, 50% used [0x00000000c5400000,0x00000000c6935638,0x00000000c7e00000)
 Metaspace       used 34541K, capacity 35052K, committed 35496K, reserved 1081344K
  class space    used 4342K, capacity 4480K, committed 4528K, reserved 1048576K
}
Event: 7.610 GC heap before
{Heap before GC invocations=10 (full 1):
 PSYoungGen      total 67072K, used 17007K [0x00000000ec700000, 0x00000000f3b80000, 0x0000000100000000)
  eden space 53248K, 6% used [0x00000000ec700000,0x00000000eca218f8,0x00000000efb00000)
  from space 13824K, 99% used [0x00000000f0e00000,0x00000000f1b7a5c0,0x00000000f1b80000)
  to   space 19456K, 0% used [0x00000000efb00000,0x00000000efb00000,0x00000000f0e00000)
 ParOldGen       total 43008K, used 21717K [0x00000000c5400000, 0x00000000c7e00000, 0x00000000ec700000)
  object space 43008K, 50% used [0x00000000c5400000,0x00000000c6935638,0x00000000c7e00000)
 Metaspace       used 34554K, capacity 35052K, committed 35496K, reserved 1081344K
  class space    used 4342K, capacity 4480K, committed 4528K, reserved 1048576K
Event: 7.629 GC heap after
Heap after GC invocations=10 (full 1):
 PSYoungGen      total 72704K, used 14394K [0x00000000ec700000, 0x00000000f3a00000, 0x0000000100000000)
  eden space 53248K, 0% used [0x00000000ec700000,0x00000000ec700000,0x00000000efb00000)
  from space 19456K, 73% used [0x00000000efb00000,0x00000000f090e9c8,0x00000000f0e00000)
  to   space 20480K, 0% used [0x00000000f2600000,0x00000000f2600000,0x00000000f3a00000)
 ParOldGen       total 43008K, used 21725K [0x00000000c5400000, 0x00000000c7e00000, 0x00000000ec700000)
  object space 43008K, 50% used [0x00000000c5400000,0x00000000c6937638,0x00000000c7e00000)
 Metaspace       used 34554K, capacity 35052K, committed 35496K, reserved 1081344K
  class space    used 4342K, capacity 4480K, committed 4528K, reserved 1048576K
}
Event: 7.629 GC heap before
{Heap before GC invocations=11 (full 2):
 PSYoungGen      total 72704K, used 14394K [0x00000000ec700000, 0x00000000f3a00000, 0x0000000100000000)
  eden space 53248K, 0% used [0x00000000ec700000,0x00000000ec700000,0x00000000efb00000)
  from space 19456K, 73% used [0x00000000efb00000,0x00000000f090e9c8,0x00000000f0e00000)
  to   space 20480K, 0% used [0x00000000f2600000,0x00000000f2600000,0x00000000f3a00000)
 ParOldGen       total 43008K, used 21725K [0x00000000c5400000, 0x00000000c7e00000, 0x00000000ec700000)
  object space 43008K, 50% used [0x00000000c5400000,0x00000000c6937638,0x00000000c7e00000)
 Metaspace       used 34554K, capacity 35052K, committed 35496K, reserved 1081344K
  class space    used 4342K, capacity 4480K, committed 4528K, reserved 1048576K
Event: 7.845 GC heap after
Heap after GC invocations=11 (full 2):
 PSYoungGen      total 72704K, used 0K [0x00000000ec700000, 0x00000000f3a00000, 0x0000000100000000)
  eden space 53248K, 0% used [0x00000000ec700000,0x00000000ec700000,0x00000000efb00000)
  from space 19456K, 0% used [0x00000000efb00000,0x00000000efb00000,0x00000000f0e00000)
  to   space 20480K, 0% used [0x00000000f2600000,0x00000000f2600000,0x00000000f3a00000)
 ParOldGen       total 43008K, used 29389K [0x00000000c5400000, 0x00000000c7e00000, 0x00000000ec700000)
  object space 43008K, 68% used [0x00000000c5400000,0x00000000c70b37a0,0x00000000c7e00000)
 Metaspace       used 34554K, capacity 35052K, committed 35496K, reserved 1081344K
  class space    used 4342K, capacity 4480K, committed 4528K, reserved 1048576K
}

