# JRE version: OpenJDK Runtime Environment (8.0_152-b01) (build 1.8.0_152-release-915-b01)
# Java VM: OpenJDK 64-Bit Server VM (25.152-b01 mixed mode windows-amd64 compressed oops)
Heap:
 PSYoungGen      total 56320K, used 11648K [0x00000000e0000000, 0x00000000e4400000, 0x0000000100000000)
  eden space 45568K, 1% used [0x00000000e0000000,0x00000000e00e0280,0x00000000e2c80000)
  from space 10752K, 100% used [0x00000000e2c80000,0x00000000e3700000,0x00000000e3700000)
  to   space 8192K, 0% used [0x00000000e3700000,0x00000000e3700000,0x00000000e3f00000)
 ParOldGen       total 51712K, used 28866K [0x00000000a0000000, 0x00000000a3280000, 0x00000000e0000000)
  object space 51712K, 55% used [0x00000000a0000000,0x00000000a1c30bc0,0x00000000a3280000)
 Metaspace       used 39929K, capacity 40486K, committed 40832K, reserved 1085440K
  class space    used 5040K, capacity 5165K, committed 5248K, reserved 1048576K
GC Heap History (10 events):
Event: 14.575 GC heap before
{Heap before GC invocations=9 (full 2):
 PSYoungGen      total 28672K, used 28642K [0x00000000e0000000, 0x00000000e2880000, 0x0000000100000000)
  eden space 26112K, 100% used [0x00000000e0000000,0x00000000e1980000,0x00000000e1980000)
  from space 2560K, 98% used [0x00000000e2080000,0x00000000e22f89a0,0x00000000e2300000)
  to   space 7168K, 0% used [0x00000000e1980000,0x00000000e1980000,0x00000000e2080000)
 ParOldGen       total 32256K, used 9006K [0x00000000a0000000, 0x00000000a1f80000, 0x00000000e0000000)
  object space 32256K, 27% used [0x00000000a0000000,0x00000000a08cbb00,0x00000000a1f80000)
 Metaspace       used 26462K, capacity 26902K, committed 27264K, reserved 1073152K
  class space    used 3421K, capacity 3585K, committed 3712K, reserved 1048576K
Event: 14.665 GC heap after
Heap after GC invocations=9 (full 2):
 PSYoungGen      total 33280K, used 6865K [0x00000000e0000000, 0x00000000e3f00000, 0x0000000100000000)
  eden space 26112K, 0% used [0x00000000e0000000,0x00000000e0000000,0x00000000e1980000)
  from space 7168K, 95% used [0x00000000e1980000,0x00000000e2034720,0x00000000e2080000)
  to   space 8192K, 0% used [0x00000000e3700000,0x00000000e3700000,0x00000000e3f00000)
 ParOldGen       total 32256K, used 9006K [0x00000000a0000000, 0x00000000a1f80000, 0x00000000e0000000)
  object space 32256K, 27% used [0x00000000a0000000,0x00000000a08cbb00,0x00000000a1f80000)
 Metaspace       used 26462K, capacity 26902K, committed 27264K, reserved 1073152K
  class space    used 3421K, capacity 3585K, committed 3712K, reserved 1048576K
}
Event: 16.101 GC heap before
{Heap before GC invocations=10 (full 2):
 PSYoungGen      total 33280K, used 32977K [0x00000000e0000000, 0x00000000e3f00000, 0x0000000100000000)
  eden space 26112K, 100% used [0x00000000e0000000,0x00000000e1980000,0x00000000e1980000)
  from space 7168K, 95% used [0x00000000e1980000,0x00000000e2034720,0x00000000e2080000)
  to   space 8192K, 0% used [0x00000000e3700000,0x00000000e3700000,0x00000000e3f00000)
 ParOldGen       total 32256K, used 9006K [0x00000000a0000000, 0x00000000a1f80000, 0x00000000e0000000)
  object space 32256K, 27% used [0x00000000a0000000,0x00000000a08cbb00,0x00000000a1f80000)
 Metaspace       used 30962K, capacity 31408K, committed 31872K, reserved 1077248K
  class space    used 3981K, capacity 4140K, committed 4224K, reserved 1048576K
Event: 16.128 GC heap after
Heap after GC invocations=10 (full 2):
 PSYoungGen      total 53760K, used 8190K [0x00000000e0000000, 0x00000000e4400000, 0x0000000100000000)
  eden space 45568K, 0% used [0x00000000e0000000,0x00000000e0000000,0x00000000e2c80000)
  from space 8192K, 99% used [0x00000000e3700000,0x00000000e3effb70,0x00000000e3f00000)
  to   space 10752K, 0% used [0x00000000e2c80000,0x00000000e2c80000,0x00000000e3700000)
 ParOldGen       total 32256K, used 12844K [0x00000000a0000000, 0x00000000a1f80000, 0x00000000e0000000)
  object space 32256K, 39% used [0x00000000a0000000,0x00000000a0c8b240,0x00000000a1f80000)
 Metaspace       used 30962K, capacity 31408K, committed 31872K, reserved 1077248K
  class space    used 3981K, capacity 4140K, committed 4224K, reserved 1048576K
}
Event: 17.576 GC heap before
{Heap before GC invocations=11 (full 2):
 PSYoungGen      total 53760K, used 31085K [0x00000000e0000000, 0x00000000e4400000, 0x0000000100000000)
  eden space 45568K, 50% used [0x00000000e0000000,0x00000000e165bc10,0x00000000e2c80000)
  from space 8192K, 99% used [0x00000000e3700000,0x00000000e3effb70,0x00000000e3f00000)
  to   space 10752K, 0% used [0x00000000e2c80000,0x00000000e2c80000,0x00000000e3700000)
 ParOldGen       total 32256K, used 12844K [0x00000000a0000000, 0x00000000a1f80000, 0x00000000e0000000)
  object space 32256K, 39% used [0x00000000a0000000,0x00000000a0c8b240,0x00000000a1f80000)
 Metaspace       used 34710K, capacity 35178K, committed 35496K, reserved 1081344K
  class space    used 4437K, capacity 4577K, committed 4608K, reserved 1048576K
Event: 17.605 GC heap after
Heap after GC invocations=11 (full 2):
 PSYoungGen      total 56320K, used 10738K [0x00000000e0000000, 0x00000000e4400000, 0x0000000100000000)
  eden space 45568K, 0% used [0x00000000e0000000,0x00000000e0000000,0x00000000e2c80000)
  from space 10752K, 99% used [0x00000000e2c80000,0x00000000e36fca90,0x00000000e3700000)
  to   space 8192K, 0% used [0x00000000e3700000,0x00000000e3700000,0x00000000e3f00000)
 ParOldGen       total 32256K, used 14395K [0x00000000a0000000, 0x00000000a1f80000, 0x00000000e0000000)
  object space 32256K, 44% used [0x00000000a0000000,0x00000000a0e0ec08,0x00000000a1f80000)
 Metaspace       used 34710K, capacity 35178K, committed 35496K, reserved 1081344K
  class space    used 4437K, capacity 4577K, committed 4608K, reserved 1048576K
}
Event: 17.605 GC heap before
{Heap before GC invocations=12 (full 3):
 PSYoungGen      total 56320K, used 10738K [0x00000000e0000000, 0x00000000e4400000, 0x0000000100000000)
  eden space 45568K, 0% used [0x00000000e0000000,0x00000000e0000000,0x00000000e2c80000)
  from space 10752K, 99% used [0x00000000e2c80000,0x00000000e36fca90,0x00000000e3700000)
  to   space 8192K, 0% used [0x00000000e3700000,0x00000000e3700000,0x00000000e3f00000)
 ParOldGen       total 32256K, used 14395K [0x00000000a0000000, 0x00000000a1f80000, 0x00000000e0000000)
  object space 32256K, 44% used [0x00000000a0000000,0x00000000a0e0ec08,0x00000000a1f80000)
 Metaspace       used 34710K, capacity 35178K, committed 35496K, reserved 1081344K
  class space    used 4437K, capacity 4577K, committed 4608K, reserved 1048576K
Event: 17.814 GC heap after
Heap after GC invocations=12 (full 3):
 PSYoungGen      total 56320K, used 0K [0x00000000e0000000, 0x00000000e4400000, 0x0000000100000000)
  eden space 45568K, 0% used [0x00000000e0000000,0x00000000e0000000,0x00000000e2c80000)
  from space 10752K, 0% used [0x00000000e2c80000,0x00000000e2c80000,0x00000000e3700000)
  to   space 8192K, 0% used [0x00000000e3700000,0x00000000e3700000,0x00000000e3f00000)
 ParOldGen       total 51712K, used 16782K [0x00000000a0000000, 0x00000000a3280000, 0x00000000e0000000)
  object space 51712K, 32% used [0x00000000a0000000,0x00000000a1063a78,0x00000000a3280000)
 Metaspace       used 34710K, capacity 35178K, committed 35496K, reserved 1081344K
  class space    used 4437K, capacity 4577K, committed 4608K, reserved 1048576K
}
Event: 20.256 GC heap before
{Heap before GC invocations=13 (full 3):
 PSYoungGen      total 56320K, used 45568K [0x00000000e0000000, 0x00000000e4400000, 0x0000000100000000)
  eden space 45568K, 100% used [0x00000000e0000000,0x00000000e2c80000,0x00000000e2c80000)
  from space 10752K, 0% used [0x00000000e2c80000,0x00000000e2c80000,0x00000000e3700000)
  to   space 8192K, 0% used [0x00000000e3700000,0x00000000e3700000,0x00000000e3f00000)
 ParOldGen       total 51712K, used 16782K [0x00000000a0000000, 0x00000000a3280000, 0x00000000e0000000)
  object space 51712K, 32% used [0x00000000a0000000,0x00000000a1063a78,0x00000000a3280000)
 Metaspace       used 37252K, capacity 37802K, committed 38272K, reserved 1083392K
  class space    used 4757K, capacity 4911K, committed 4992K, reserved 1048576K
Event: 20.286 GC heap after
Heap after GC invocations=13 (full 3):
 PSYoungGen      total 53760K, used 8171K [0x00000000e0000000, 0x00000000e4400000, 0x0000000100000000)
  eden space 45568K, 0% used [0x00000000e0000000,0x00000000e0000000,0x00000000e2c80000)
  from space 8192K, 99% used [0x00000000e3700000,0x00000000e3efaf50,0x00000000e3f00000)
  to   space 10752K, 0% used [0x00000000e2c80000,0x00000000e2c80000,0x00000000e3700000)
 ParOldGen       total 51712K, used 21954K [0x00000000a0000000, 0x00000000a3280000, 0x00000000e0000000)
  object space 51712K, 42% used [0x00000000a0000000,0x00000000a1570ac0,0x00000000a3280000)
 Metaspace       used 37252K, capacity 37802K, committed 38272K, reserved 1083392K
  class space    used 4757K, capacity 4911K, committed 4992K, reserved 1048576K
}

