# JRE version: OpenJDK Runtime Environment (8.0_152-b01) (build 1.8.0_152-release-915-b01)
# Java VM: OpenJDK 64-Bit Server VM (25.152-b01 mixed mode windows-amd64 compressed oops)
Heap:
 PSYoungGen      total 56320K, used 5420K [0x00000000e0000000, 0x00000000e4480000, 0x0000000100000000)
  eden space 53760K, 5% used [0x00000000e0000000,0x00000000e02cd160,0x00000000e3480000)
  from space 2560K, 99% used [0x00000000e3e80000,0x00000000e40fe168,0x00000000e4100000)
  to   space 8192K, 0% used [0x00000000e3480000,0x00000000e3480000,0x00000000e3c80000)
 ParOldGen       total 31744K, used 11991K [0x00000000a0000000, 0x00000000a1f00000, 0x00000000e0000000)
  object space 31744K, 37% used [0x00000000a0000000,0x00000000a0bb5d98,0x00000000a1f00000)
 Metaspace       used 24879K, capacity 25302K, committed 25728K, reserved 1073152K
  class space    used 3238K, capacity 3393K, committed 3456K, reserved 1048576K
GC Heap History (10 events):
Event: 7.817 GC heap before
{Heap before GC invocations=4 (full 1):
 PSYoungGen      total 17920K, used 17908K [0x00000000e0000000, 0x00000000e1400000, 0x0000000100000000)
  eden space 15360K, 100% used [0x00000000e0000000,0x00000000e0f00000,0x00000000e0f00000)
  from space 2560K, 99% used [0x00000000e1180000,0x00000000e13fd1c8,0x00000000e1400000)
  to   space 2560K, 0% used [0x00000000e0f00000,0x00000000e0f00000,0x00000000e1180000)
 ParOldGen       total 40960K, used 3842K [0x00000000a0000000, 0x00000000a2800000, 0x00000000e0000000)
  object space 40960K, 9% used [0x00000000a0000000,0x00000000a03c0920,0x00000000a2800000)
 Metaspace       used 14090K, capacity 14330K, committed 14592K, reserved 1062912K
  class space    used 1646K, capacity 1727K, committed 1792K, reserved 1048576K
Event: 7.828 GC heap after
Heap after GC invocations=4 (full 1):
 PSYoungGen      total 17920K, used 2529K [0x00000000e0000000, 0x00000000e2300000, 0x0000000100000000)
  eden space 15360K, 0% used [0x00000000e0000000,0x00000000e0000000,0x00000000e0f00000)
  from space 2560K, 98% used [0x00000000e0f00000,0x00000000e11784d0,0x00000000e1180000)
  to   space 2560K, 0% used [0x00000000e2080000,0x00000000e2080000,0x00000000e2300000)
 ParOldGen       total 40960K, used 6294K [0x00000000a0000000, 0x00000000a2800000, 0x00000000e0000000)
  object space 40960K, 15% used [0x00000000a0000000,0x00000000a06258e0,0x00000000a2800000)
 Metaspace       used 14090K, capacity 14330K, committed 14592K, reserved 1062912K
  class space    used 1646K, capacity 1727K, committed 1792K, reserved 1048576K
}
Event: 8.313 GC heap before
{Heap before GC invocations=5 (full 1):
 PSYoungGen      total 17920K, used 17889K [0x00000000e0000000, 0x00000000e2300000, 0x0000000100000000)
  eden space 15360K, 100% used [0x00000000e0000000,0x00000000e0f00000,0x00000000e0f00000)
  from space 2560K, 98% used [0x00000000e0f00000,0x00000000e11784d0,0x00000000e1180000)
  to   space 2560K, 0% used [0x00000000e2080000,0x00000000e2080000,0x00000000e2300000)
 ParOldGen       total 40960K, used 6294K [0x00000000a0000000, 0x00000000a2800000, 0x00000000e0000000)
  object space 40960K, 15% used [0x00000000a0000000,0x00000000a06258e0,0x00000000a2800000)
 Metaspace       used 18106K, capacity 18462K, committed 18688K, reserved 1064960K
  class space    used 2152K, capacity 2249K, committed 2304K, reserved 1048576K
Event: 8.322 GC heap after
Heap after GC invocations=5 (full 1):
 PSYoungGen      total 33280K, used 2529K [0x00000000e0000000, 0x00000000e2300000, 0x0000000100000000)
  eden space 30720K, 0% used [0x00000000e0000000,0x00000000e0000000,0x00000000e1e00000)
  from space 2560K, 98% used [0x00000000e2080000,0x00000000e22f84b0,0x00000000e2300000)
  to   space 2560K, 0% used [0x00000000e1e00000,0x00000000e1e00000,0x00000000e2080000)
 ParOldGen       total 40960K, used 9941K [0x00000000a0000000, 0x00000000a2800000, 0x00000000e0000000)
  object space 40960K, 24% used [0x00000000a0000000,0x00000000a09b5718,0x00000000a2800000)
 Metaspace       used 18106K, capacity 18462K, committed 18688K, reserved 1064960K
  class space    used 2152K, capacity 2249K, committed 2304K, reserved 1048576K
}
Event: 8.656 GC heap before
{Heap before GC invocations=6 (full 1):
 PSYoungGen      total 33280K, used 17013K [0x00000000e0000000, 0x00000000e2300000, 0x0000000100000000)
  eden space 30720K, 47% used [0x00000000e0000000,0x00000000e0e25180,0x00000000e1e00000)
  from space 2560K, 98% used [0x00000000e2080000,0x00000000e22f84b0,0x00000000e2300000)
  to   space 2560K, 0% used [0x00000000e1e00000,0x00000000e1e00000,0x00000000e2080000)
 ParOldGen       total 40960K, used 9941K [0x00000000a0000000, 0x00000000a2800000, 0x00000000e0000000)
  object space 40960K, 24% used [0x00000000a0000000,0x00000000a09b5718,0x00000000a2800000)
 Metaspace       used 20731K, capacity 21066K, committed 21296K, reserved 1069056K
  class space    used 2548K, capacity 2651K, committed 2688K, reserved 1048576K
Event: 8.663 GC heap after
Heap after GC invocations=6 (full 1):
 PSYoungGen      total 33280K, used 2544K [0x00000000e0000000, 0x00000000e4100000, 0x0000000100000000)
  eden space 30720K, 0% used [0x00000000e0000000,0x00000000e0000000,0x00000000e1e00000)
  from space 2560K, 99% used [0x00000000e1e00000,0x00000000e207c3e8,0x00000000e2080000)
  to   space 2560K, 0% used [0x00000000e3e80000,0x00000000e3e80000,0x00000000e4100000)
 ParOldGen       total 40960K, used 12825K [0x00000000a0000000, 0x00000000a2800000, 0x00000000e0000000)
  object space 40960K, 31% used [0x00000000a0000000,0x00000000a0c864b0,0x00000000a2800000)
 Metaspace       used 20731K, capacity 21066K, committed 21296K, reserved 1069056K
  class space    used 2548K, capacity 2651K, committed 2688K, reserved 1048576K
}
Event: 8.663 GC heap before
{Heap before GC invocations=7 (full 2):
 PSYoungGen      total 33280K, used 2544K [0x00000000e0000000, 0x00000000e4100000, 0x0000000100000000)
  eden space 30720K, 0% used [0x00000000e0000000,0x00000000e0000000,0x00000000e1e00000)
  from space 2560K, 99% used [0x00000000e1e00000,0x00000000e207c3e8,0x00000000e2080000)
  to   space 2560K, 0% used [0x00000000e3e80000,0x00000000e3e80000,0x00000000e4100000)
 ParOldGen       total 40960K, used 12825K [0x00000000a0000000, 0x00000000a2800000, 0x00000000e0000000)
  object space 40960K, 31% used [0x00000000a0000000,0x00000000a0c864b0,0x00000000a2800000)
 Metaspace       used 20731K, capacity 21066K, committed 21296K, reserved 1069056K
  class space    used 2548K, capacity 2651K, committed 2688K, reserved 1048576K
Event: 8.706 GC heap after
Heap after GC invocations=7 (full 2):
 PSYoungGen      total 33280K, used 0K [0x00000000e0000000, 0x00000000e4100000, 0x0000000100000000)
  eden space 30720K, 0% used [0x00000000e0000000,0x00000000e0000000,0x00000000e1e00000)
  from space 2560K, 0% used [0x00000000e1e00000,0x00000000e1e00000,0x00000000e2080000)
  to   space 2560K, 0% used [0x00000000e3e80000,0x00000000e3e80000,0x00000000e4100000)
 ParOldGen       total 31744K, used 7578K [0x00000000a0000000, 0x00000000a1f00000, 0x00000000e0000000)
  object space 31744K, 23% used [0x00000000a0000000,0x00000000a07668f0,0x00000000a1f00000)
 Metaspace       used 20731K, capacity 21066K, committed 21296K, reserved 1069056K
  class space    used 2548K, capacity 2651K, committed 2688K, reserved 1048576K
}
Event: 9.683 GC heap before
{Heap before GC invocations=8 (full 2):
 PSYoungGen      total 33280K, used 30720K [0x00000000e0000000, 0x00000000e4100000, 0x0000000100000000)
  eden space 30720K, 100% used [0x00000000e0000000,0x00000000e1e00000,0x00000000e1e00000)
  from space 2560K, 0% used [0x00000000e1e00000,0x00000000e1e00000,0x00000000e2080000)
  to   space 2560K, 0% used [0x00000000e3e80000,0x00000000e3e80000,0x00000000e4100000)
 ParOldGen       total 31744K, used 7578K [0x00000000a0000000, 0x00000000a1f00000, 0x00000000e0000000)
  object space 31744K, 23% used [0x00000000a0000000,0x00000000a07668f0,0x00000000a1f00000)
 Metaspace       used 24495K, capacity 24916K, committed 25088K, reserved 1071104K
  class space    used 3180K, capacity 3328K, committed 3328K, reserved 1048576K
Event: 9.694 GC heap after
Heap after GC invocations=8 (full 2):
 PSYoungGen      total 56320K, used 2552K [0x00000000e0000000, 0x00000000e4480000, 0x0000000100000000)
  eden space 53760K, 0% used [0x00000000e0000000,0x00000000e0000000,0x00000000e3480000)
  from space 2560K, 99% used [0x00000000e3e80000,0x00000000e40fe168,0x00000000e4100000)
  to   space 8192K, 0% used [0x00000000e3480000,0x00000000e3480000,0x00000000e3c80000)
 ParOldGen       total 31744K, used 11991K [0x00000000a0000000, 0x00000000a1f00000, 0x00000000e0000000)
  object space 31744K, 37% used [0x00000000a0000000,0x00000000a0bb5d98,0x00000000a1f00000)
 Metaspace       used 24495K, capacity 24916K, committed 25088K, reserved 1071104K
  class space    used 3180K, capacity 3328K, committed 3328K, reserved 1048576K
}

