# JRE version: OpenJDK Runtime Environment (8.0_152-b01) (build 1.8.0_152-release-915-b01)
# Java VM: OpenJDK 64-Bit Server VM (25.152-b01 mixed mode windows-amd64 compressed oops)
Heap:
 PSYoungGen      total 51712K, used 17393K [0x00000000e0000000, 0x00000000e4100000, 0x0000000100000000)
  eden space 49152K, 30% used [0x00000000e0000000,0x00000000e0e7e438,0x00000000e3000000)
  from space 2560K, 99% used [0x00000000e3e80000,0x00000000e40fe168,0x00000000e4100000)
  to   space 8192K, 0% used [0x00000000e3100000,0x00000000e3100000,0x00000000e3900000)
 ParOldGen       total 33792K, used 11539K [0x00000000a0000000, 0x00000000a2100000, 0x00000000e0000000)
  object space 33792K, 34% used [0x00000000a0000000,0x00000000a0b44ed8,0x00000000a2100000)
 Metaspace       used 26942K, capacity 27394K, committed 27776K, reserved 1073152K
  class space    used 3478K, capacity 3621K, committed 3712K, reserved 1048576K
GC Heap History (10 events):
Event: 5.007 GC heap before
{Heap before GC invocations=4 (full 1):
 PSYoungGen      total 17920K, used 17914K [0x00000000e0000000, 0x00000000e1400000, 0x0000000100000000)
  eden space 15360K, 100% used [0x00000000e0000000,0x00000000e0f00000,0x00000000e0f00000)
  from space 2560K, 99% used [0x00000000e1180000,0x00000000e13fe898,0x00000000e1400000)
  to   space 2560K, 0% used [0x00000000e0f00000,0x00000000e0f00000,0x00000000e1180000)
 ParOldGen       total 40960K, used 4006K [0x00000000a0000000, 0x00000000a2800000, 0x00000000e0000000)
  object space 40960K, 9% used [0x00000000a0000000,0x00000000a03e9b10,0x00000000a2800000)
 Metaspace       used 14138K, capacity 14322K, committed 14592K, reserved 1062912K
  class space    used 1656K, capacity 1727K, committed 1792K, reserved 1048576K
Event: 5.015 GC heap after
Heap after GC invocations=4 (full 1):
 PSYoungGen      total 17920K, used 2529K [0x00000000e0000000, 0x00000000e2300000, 0x0000000100000000)
  eden space 15360K, 0% used [0x00000000e0000000,0x00000000e0000000,0x00000000e0f00000)
  from space 2560K, 98% used [0x00000000e0f00000,0x00000000e11784b0,0x00000000e1180000)
  to   space 2560K, 0% used [0x00000000e2080000,0x00000000e2080000,0x00000000e2300000)
 ParOldGen       total 40960K, used 6432K [0x00000000a0000000, 0x00000000a2800000, 0x00000000e0000000)
  object space 40960K, 15% used [0x00000000a0000000,0x00000000a0648338,0x00000000a2800000)
 Metaspace       used 14138K, capacity 14322K, committed 14592K, reserved 1062912K
  class space    used 1656K, capacity 1727K, committed 1792K, reserved 1048576K
}
Event: 5.440 GC heap before
{Heap before GC invocations=5 (full 1):
 PSYoungGen      total 17920K, used 17884K [0x00000000e0000000, 0x00000000e2300000, 0x0000000100000000)
  eden space 15360K, 99% used [0x00000000e0000000,0x00000000e0efef18,0x00000000e0f00000)
  from space 2560K, 98% used [0x00000000e0f00000,0x00000000e11784b0,0x00000000e1180000)
  to   space 2560K, 0% used [0x00000000e2080000,0x00000000e2080000,0x00000000e2300000)
 ParOldGen       total 40960K, used 6432K [0x00000000a0000000, 0x00000000a2800000, 0x00000000e0000000)
  object space 40960K, 15% used [0x00000000a0000000,0x00000000a0648338,0x00000000a2800000)
 Metaspace       used 18227K, capacity 18518K, committed 18688K, reserved 1064960K
  class space    used 2169K, capacity 2249K, committed 2304K, reserved 1048576K
Event: 5.451 GC heap after
Heap after GC invocations=5 (full 1):
 PSYoungGen      total 33280K, used 2544K [0x00000000e0000000, 0x00000000e2300000, 0x0000000100000000)
  eden space 30720K, 0% used [0x00000000e0000000,0x00000000e0000000,0x00000000e1e00000)
  from space 2560K, 99% used [0x00000000e2080000,0x00000000e22fc190,0x00000000e2300000)
  to   space 2560K, 0% used [0x00000000e1e00000,0x00000000e1e00000,0x00000000e2080000)
 ParOldGen       total 40960K, used 10137K [0x00000000a0000000, 0x00000000a2800000, 0x00000000e0000000)
  object space 40960K, 24% used [0x00000000a0000000,0x00000000a09e6758,0x00000000a2800000)
 Metaspace       used 18227K, capacity 18518K, committed 18688K, reserved 1064960K
  class space    used 2169K, capacity 2249K, committed 2304K, reserved 1048576K
}
Event: 5.758 GC heap before
{Heap before GC invocations=6 (full 1):
 PSYoungGen      total 33280K, used 16109K [0x00000000e0000000, 0x00000000e2300000, 0x0000000100000000)
  eden space 30720K, 44% used [0x00000000e0000000,0x00000000e0d3f488,0x00000000e1e00000)
  from space 2560K, 99% used [0x00000000e2080000,0x00000000e22fc190,0x00000000e2300000)
  to   space 2560K, 0% used [0x00000000e1e00000,0x00000000e1e00000,0x00000000e2080000)
 ParOldGen       total 40960K, used 10137K [0x00000000a0000000, 0x00000000a2800000, 0x00000000e0000000)
  object space 40960K, 24% used [0x00000000a0000000,0x00000000a09e6758,0x00000000a2800000)
 Metaspace       used 20743K, capacity 21058K, committed 21296K, reserved 1069056K
  class space    used 2551K, capacity 2651K, committed 2688K, reserved 1048576K
Event: 5.767 GC heap after
Heap after GC invocations=6 (full 1):
 PSYoungGen      total 33280K, used 2529K [0x00000000e0000000, 0x00000000e4100000, 0x0000000100000000)
  eden space 30720K, 0% used [0x00000000e0000000,0x00000000e0000000,0x00000000e1e00000)
  from space 2560K, 98% used [0x00000000e1e00000,0x00000000e2078648,0x00000000e2080000)
  to   space 2560K, 0% used [0x00000000e3e80000,0x00000000e3e80000,0x00000000e4100000)
 ParOldGen       total 40960K, used 12811K [0x00000000a0000000, 0x00000000a2800000, 0x00000000e0000000)
  object space 40960K, 31% used [0x00000000a0000000,0x00000000a0c82c48,0x00000000a2800000)
 Metaspace       used 20743K, capacity 21058K, committed 21296K, reserved 1069056K
  class space    used 2551K, capacity 2651K, committed 2688K, reserved 1048576K
}
Event: 5.767 GC heap before
{Heap before GC invocations=7 (full 2):
 PSYoungGen      total 33280K, used 2529K [0x00000000e0000000, 0x00000000e4100000, 0x0000000100000000)
  eden space 30720K, 0% used [0x00000000e0000000,0x00000000e0000000,0x00000000e1e00000)
  from space 2560K, 98% used [0x00000000e1e00000,0x00000000e2078648,0x00000000e2080000)
  to   space 2560K, 0% used [0x00000000e3e80000,0x00000000e3e80000,0x00000000e4100000)
 ParOldGen       total 40960K, used 12811K [0x00000000a0000000, 0x00000000a2800000, 0x00000000e0000000)
  object space 40960K, 31% used [0x00000000a0000000,0x00000000a0c82c48,0x00000000a2800000)
 Metaspace       used 20743K, capacity 21058K, committed 21296K, reserved 1069056K
  class space    used 2551K, capacity 2651K, committed 2688K, reserved 1048576K
Event: 5.827 GC heap after
Heap after GC invocations=7 (full 2):
 PSYoungGen      total 33280K, used 0K [0x00000000e0000000, 0x00000000e4100000, 0x0000000100000000)
  eden space 30720K, 0% used [0x00000000e0000000,0x00000000e0000000,0x00000000e1e00000)
  from space 2560K, 0% used [0x00000000e1e00000,0x00000000e1e00000,0x00000000e2080000)
  to   space 2560K, 0% used [0x00000000e3e80000,0x00000000e3e80000,0x00000000e4100000)
 ParOldGen       total 33792K, used 7108K [0x00000000a0000000, 0x00000000a2100000, 0x00000000e0000000)
  object space 33792K, 21% used [0x00000000a0000000,0x00000000a06f1110,0x00000000a2100000)
 Metaspace       used 20743K, capacity 21058K, committed 21296K, reserved 1069056K
  class space    used 2551K, capacity 2651K, committed 2688K, reserved 1048576K
}
Event: 6.592 GC heap before
{Heap before GC invocations=8 (full 2):
 PSYoungGen      total 33280K, used 30720K [0x00000000e0000000, 0x00000000e4100000, 0x0000000100000000)
  eden space 30720K, 100% used [0x00000000e0000000,0x00000000e1e00000,0x00000000e1e00000)
  from space 2560K, 0% used [0x00000000e1e00000,0x00000000e1e00000,0x00000000e2080000)
  to   space 2560K, 0% used [0x00000000e3e80000,0x00000000e3e80000,0x00000000e4100000)
 ParOldGen       total 33792K, used 7108K [0x00000000a0000000, 0x00000000a2100000, 0x00000000e0000000)
  object space 33792K, 21% used [0x00000000a0000000,0x00000000a06f1110,0x00000000a2100000)
 Metaspace       used 24506K, capacity 24908K, committed 25088K, reserved 1071104K
  class space    used 3183K, capacity 3328K, committed 3328K, reserved 1048576K
Event: 6.611 GC heap after
Heap after GC invocations=8 (full 2):
 PSYoungGen      total 51712K, used 2552K [0x00000000e0000000, 0x00000000e4100000, 0x0000000100000000)
  eden space 49152K, 0% used [0x00000000e0000000,0x00000000e0000000,0x00000000e3000000)
  from space 2560K, 99% used [0x00000000e3e80000,0x00000000e40fe168,0x00000000e4100000)
  to   space 8192K, 0% used [0x00000000e3100000,0x00000000e3100000,0x00000000e3900000)
 ParOldGen       total 33792K, used 11539K [0x00000000a0000000, 0x00000000a2100000, 0x00000000e0000000)
  object space 33792K, 34% used [0x00000000a0000000,0x00000000a0b44ed8,0x00000000a2100000)
 Metaspace       used 24506K, capacity 24908K, committed 25088K, reserved 1071104K
  class space    used 3183K, capacity 3328K, committed 3328K, reserved 1048576K
}

