# JRE version: OpenJDK Runtime Environment (8.0_152-b01) (build 1.8.0_152-release-915-b01)
# Java VM: OpenJDK 64-Bit Server VM (25.152-b01 mixed mode windows-amd64 compressed oops)
Heap:
 PSYoungGen      total 59392K, used 2680K [0x00000000e0000000, 0x00000000e4200000, 0x0000000100000000)
  eden space 51200K, 0% used [0x00000000e0000000,0x00000000e0000000,0x00000000e3200000)
  from space 8192K, 32% used [0x00000000e3200000,0x00000000e349e168,0x00000000e3a00000)
  to   space 2560K, 0% used [0x00000000e3e80000,0x00000000e3e80000,0x00000000e4100000)
 ParOldGen       total 33280K, used 12117K [0x00000000a0000000, 0x00000000a2080000, 0x00000000e0000000)
  object space 33280K, 36% used [0x00000000a0000000,0x00000000a0bd5798,0x00000000a2080000)
 Metaspace       used 24568K, capacity 24954K, committed 25216K, reserved 1075200K
  class space    used 3202K, capacity 3361K, committed 3456K, reserved 1048576K
GC Heap History (10 events):
Event: 4.985 GC heap after
Heap after GC invocations=4 (full 1):
 PSYoungGen      total 17920K, used 2528K [0x00000000e0000000, 0x00000000e2300000, 0x0000000100000000)
  eden space 15360K, 0% used [0x00000000e0000000,0x00000000e0000000,0x00000000e0f00000)
  from space 2560K, 98% used [0x00000000e0f00000,0x00000000e11783f8,0x00000000e1180000)
  to   space 2560K, 0% used [0x00000000e2080000,0x00000000e2080000,0x00000000e2300000)
 ParOldGen       total 40960K, used 6275K [0x00000000a0000000, 0x00000000a2800000, 0x00000000e0000000)
  object space 40960K, 15% used [0x00000000a0000000,0x00000000a0620c38,0x00000000a2800000)
 Metaspace       used 14075K, capacity 14334K, committed 14592K, reserved 1062912K
  class space    used 1646K, capacity 1727K, committed 1792K, reserved 1048576K
}
Event: 5.437 GC heap before
{Heap before GC invocations=5 (full 1):
 PSYoungGen      total 17920K, used 17888K [0x00000000e0000000, 0x00000000e2300000, 0x0000000100000000)
  eden space 15360K, 100% used [0x00000000e0000000,0x00000000e0f00000,0x00000000e0f00000)
  from space 2560K, 98% used [0x00000000e0f00000,0x00000000e11783f8,0x00000000e1180000)
  to   space 2560K, 0% used [0x00000000e2080000,0x00000000e2080000,0x00000000e2300000)
 ParOldGen       total 40960K, used 6275K [0x00000000a0000000, 0x00000000a2800000, 0x00000000e0000000)
  object space 40960K, 15% used [0x00000000a0000000,0x00000000a0620c38,0x00000000a2800000)
 Metaspace       used 18048K, capacity 18338K, committed 18688K, reserved 1064960K
  class space    used 2152K, capacity 2249K, committed 2304K, reserved 1048576K
Event: 5.447 GC heap after
Heap after GC invocations=5 (full 1):
 PSYoungGen      total 33280K, used 2529K [0x00000000e0000000, 0x00000000e2300000, 0x0000000100000000)
  eden space 30720K, 0% used [0x00000000e0000000,0x00000000e0000000,0x00000000e1e00000)
  from space 2560K, 98% used [0x00000000e2080000,0x00000000e22f84d0,0x00000000e2300000)
  to   space 2560K, 0% used [0x00000000e1e00000,0x00000000e1e00000,0x00000000e2080000)
 ParOldGen       total 40960K, used 9921K [0x00000000a0000000, 0x00000000a2800000, 0x00000000e0000000)
  object space 40960K, 24% used [0x00000000a0000000,0x00000000a09b04c8,0x00000000a2800000)
 Metaspace       used 18048K, capacity 18338K, committed 18688K, reserved 1064960K
  class space    used 2152K, capacity 2249K, committed 2304K, reserved 1048576K
}
Event: 5.794 GC heap before
{Heap before GC invocations=6 (full 1):
 PSYoungGen      total 33280K, used 17038K [0x00000000e0000000, 0x00000000e2300000, 0x0000000100000000)
  eden space 30720K, 47% used [0x00000000e0000000,0x00000000e0e2b478,0x00000000e1e00000)
  from space 2560K, 98% used [0x00000000e2080000,0x00000000e22f84d0,0x00000000e2300000)
  to   space 2560K, 0% used [0x00000000e1e00000,0x00000000e1e00000,0x00000000e2080000)
 ParOldGen       total 40960K, used 9921K [0x00000000a0000000, 0x00000000a2800000, 0x00000000e0000000)
  object space 40960K, 24% used [0x00000000a0000000,0x00000000a09b04c8,0x00000000a2800000)
 Metaspace       used 20769K, capacity 21070K, committed 21296K, reserved 1069056K
  class space    used 2556K, capacity 2651K, committed 2688K, reserved 1048576K
Event: 5.802 GC heap after
Heap after GC invocations=6 (full 1):
 PSYoungGen      total 33280K, used 2544K [0x00000000e0000000, 0x00000000e4100000, 0x0000000100000000)
  eden space 30720K, 0% used [0x00000000e0000000,0x00000000e0000000,0x00000000e1e00000)
  from space 2560K, 99% used [0x00000000e1e00000,0x00000000e207c3e8,0x00000000e2080000)
  to   space 2560K, 0% used [0x00000000e3e80000,0x00000000e3e80000,0x00000000e4100000)
 ParOldGen       total 40960K, used 12783K [0x00000000a0000000, 0x00000000a2800000, 0x00000000e0000000)
  object space 40960K, 31% used [0x00000000a0000000,0x00000000a0c7bc78,0x00000000a2800000)
 Metaspace       used 20769K, capacity 21070K, committed 21296K, reserved 1069056K
  class space    used 2556K, capacity 2651K, committed 2688K, reserved 1048576K
}
Event: 5.802 GC heap before
{Heap before GC invocations=7 (full 2):
 PSYoungGen      total 33280K, used 2544K [0x00000000e0000000, 0x00000000e4100000, 0x0000000100000000)
  eden space 30720K, 0% used [0x00000000e0000000,0x00000000e0000000,0x00000000e1e00000)
  from space 2560K, 99% used [0x00000000e1e00000,0x00000000e207c3e8,0x00000000e2080000)
  to   space 2560K, 0% used [0x00000000e3e80000,0x00000000e3e80000,0x00000000e4100000)
 ParOldGen       total 40960K, used 12783K [0x00000000a0000000, 0x00000000a2800000, 0x00000000e0000000)
  object space 40960K, 31% used [0x00000000a0000000,0x00000000a0c7bc78,0x00000000a2800000)
 Metaspace       used 20769K, capacity 21070K, committed 21296K, reserved 1069056K
  class space    used 2556K, capacity 2651K, committed 2688K, reserved 1048576K
Event: 5.845 GC heap after
Heap after GC invocations=7 (full 2):
 PSYoungGen      total 33280K, used 0K [0x00000000e0000000, 0x00000000e4100000, 0x0000000100000000)
  eden space 30720K, 0% used [0x00000000e0000000,0x00000000e0000000,0x00000000e1e00000)
  from space 2560K, 0% used [0x00000000e1e00000,0x00000000e1e00000,0x00000000e2080000)
  to   space 2560K, 0% used [0x00000000e3e80000,0x00000000e3e80000,0x00000000e4100000)
 ParOldGen       total 33280K, used 7612K [0x00000000a0000000, 0x00000000a2080000, 0x00000000e0000000)
  object space 33280K, 22% used [0x00000000a0000000,0x00000000a076f240,0x00000000a2080000)
 Metaspace       used 20769K, capacity 21070K, committed 21296K, reserved 1069056K
  class space    used 2556K, capacity 2651K, committed 2688K, reserved 1048576K
}
Event: 6.629 GC heap before
{Heap before GC invocations=8 (full 2):
 PSYoungGen      total 33280K, used 30720K [0x00000000e0000000, 0x00000000e4100000, 0x0000000100000000)
  eden space 30720K, 100% used [0x00000000e0000000,0x00000000e1e00000,0x00000000e1e00000)
  from space 2560K, 0% used [0x00000000e1e00000,0x00000000e1e00000,0x00000000e2080000)
  to   space 2560K, 0% used [0x00000000e3e80000,0x00000000e3e80000,0x00000000e4100000)
 ParOldGen       total 33280K, used 7612K [0x00000000a0000000, 0x00000000a2080000, 0x00000000e0000000)
  object space 33280K, 22% used [0x00000000a0000000,0x00000000a076f240,0x00000000a2080000)
 Metaspace       used 24483K, capacity 24858K, committed 25216K, reserved 1071104K
  class space    used 3187K, capacity 3329K, committed 3456K, reserved 1048576K
Event: 6.641 GC heap after
Heap after GC invocations=8 (full 2):
 PSYoungGen      total 53760K, used 2552K [0x00000000e0000000, 0x00000000e4200000, 0x0000000100000000)
  eden space 51200K, 0% used [0x00000000e0000000,0x00000000e0000000,0x00000000e3200000)
  from space 2560K, 99% used [0x00000000e3e80000,0x00000000e40fe168,0x00000000e4100000)
  to   space 8192K, 0% used [0x00000000e3200000,0x00000000e3200000,0x00000000e3a00000)
 ParOldGen       total 33280K, used 12117K [0x00000000a0000000, 0x00000000a2080000, 0x00000000e0000000)
  object space 33280K, 36% used [0x00000000a0000000,0x00000000a0bd5798,0x00000000a2080000)
 Metaspace       used 24483K, capacity 24858K, committed 25216K, reserved 1071104K
  class space    used 3187K, capacity 3329K, committed 3456K, reserved 1048576K
}
Event: 6.660 GC heap before
{Heap before GC invocations=9 (full 2):
 PSYoungGen      total 53760K, used 3464K [0x00000000e0000000, 0x00000000e4200000, 0x0000000100000000)
  eden space 51200K, 1% used [0x00000000e0000000,0x00000000e00e40a8,0x00000000e3200000)
  from space 2560K, 99% used [0x00000000e3e80000,0x00000000e40fe168,0x00000000e4100000)
  to   space 8192K, 0% used [0x00000000e3200000,0x00000000e3200000,0x00000000e3a00000)
 ParOldGen       total 33280K, used 12117K [0x00000000a0000000, 0x00000000a2080000, 0x00000000e0000000)
  object space 33280K, 36% used [0x00000000a0000000,0x00000000a0bd5798,0x00000000a2080000)
 Metaspace       used 24568K, capacity 24954K, committed 25216K, reserved 1075200K
  class space    used 3202K, capacity 3361K, committed 3456K, reserved 1048576K

