# JRE version: OpenJDK Runtime Environment (8.0_152-b01) (build 1.8.0_152-release-915-b01)
# Java VM: OpenJDK 64-Bit Server VM (25.152-b01 mixed mode windows-amd64 compressed oops)
Heap:
 PSYoungGen      total 33280K, used 30341K [0x00000000e0000000, 0x00000000e4100000, 0x0000000100000000)
  eden space 30720K, 98% used [0x00000000e0000000,0x00000000e1da1648,0x00000000e1e00000)
  from space 2560K, 0% used [0x00000000e1e00000,0x00000000e1e00000,0x00000000e2080000)
  to   space 2560K, 0% used [0x00000000e3e80000,0x00000000e3e80000,0x00000000e4100000)
 ParOldGen       total 30208K, used 7656K [0x00000000a0000000, 0x00000000a1d80000, 0x00000000e0000000)
  object space 30208K, 25% used [0x00000000a0000000,0x00000000a077a3d0,0x00000000a1d80000)
 Metaspace       used 24415K, capacity 24852K, committed 25088K, reserved 1071104K
  class space    used 3168K, capacity 3328K, committed 3328K, reserved 1048576K
GC Heap History (10 events):
Event: 13.502 GC heap before
{Heap before GC invocations=3 (full 1):
 PSYoungGen      total 17920K, used 15360K [0x00000000e0000000, 0x00000000e1400000, 0x0000000100000000)
  eden space 15360K, 100% used [0x00000000e0000000,0x00000000e0f00000,0x00000000e0f00000)
  from space 2560K, 0% used [0x00000000e0f00000,0x00000000e0f00000,0x00000000e1180000)
  to   space 2560K, 0% used [0x00000000e1180000,0x00000000e1180000,0x00000000e1400000)
 ParOldGen       total 40960K, used 2626K [0x00000000a0000000, 0x00000000a2800000, 0x00000000e0000000)
  object space 40960K, 6% used [0x00000000a0000000,0x00000000a0290b38,0x00000000a2800000)
 Metaspace       used 11831K, capacity 11984K, committed 12160K, reserved 1060864K
  class space    used 1334K, capacity 1400K, committed 1408K, reserved 1048576K
Event: 13.509 GC heap after
Heap after GC invocations=3 (full 1):
 PSYoungGen      total 17920K, used 2550K [0x00000000e0000000, 0x00000000e1400000, 0x0000000100000000)
  eden space 15360K, 0% used [0x00000000e0000000,0x00000000e0000000,0x00000000e0f00000)
  from space 2560K, 99% used [0x00000000e1180000,0x00000000e13fd8a8,0x00000000e1400000)
  to   space 2560K, 0% used [0x00000000e0f00000,0x00000000e0f00000,0x00000000e1180000)
 ParOldGen       total 40960K, used 3682K [0x00000000a0000000, 0x00000000a2800000, 0x00000000e0000000)
  object space 40960K, 8% used [0x00000000a0000000,0x00000000a0398b10,0x00000000a2800000)
 Metaspace       used 11831K, capacity 11984K, committed 12160K, reserved 1060864K
  class space    used 1334K, capacity 1400K, committed 1408K, reserved 1048576K
}
Event: 13.896 GC heap before
{Heap before GC invocations=4 (full 1):
 PSYoungGen      total 17920K, used 17910K [0x00000000e0000000, 0x00000000e1400000, 0x0000000100000000)
  eden space 15360K, 100% used [0x00000000e0000000,0x00000000e0f00000,0x00000000e0f00000)
  from space 2560K, 99% used [0x00000000e1180000,0x00000000e13fd8a8,0x00000000e1400000)
  to   space 2560K, 0% used [0x00000000e0f00000,0x00000000e0f00000,0x00000000e1180000)
 ParOldGen       total 40960K, used 3682K [0x00000000a0000000, 0x00000000a2800000, 0x00000000e0000000)
  object space 40960K, 8% used [0x00000000a0000000,0x00000000a0398b10,0x00000000a2800000)
 Metaspace       used 14068K, capacity 14318K, committed 14592K, reserved 1062912K
  class space    used 1641K, capacity 1725K, committed 1792K, reserved 1048576K
Event: 13.905 GC heap after
Heap after GC invocations=4 (full 1):
 PSYoungGen      total 17920K, used 2529K [0x00000000e0000000, 0x00000000e2300000, 0x0000000100000000)
  eden space 15360K, 0% used [0x00000000e0000000,0x00000000e0000000,0x00000000e0f00000)
  from space 2560K, 98% used [0x00000000e0f00000,0x00000000e11784b0,0x00000000e1180000)
  to   space 2560K, 0% used [0x00000000e2080000,0x00000000e2080000,0x00000000e2300000)
 ParOldGen       total 40960K, used 6108K [0x00000000a0000000, 0x00000000a2800000, 0x00000000e0000000)
  object space 40960K, 14% used [0x00000000a0000000,0x00000000a05f7238,0x00000000a2800000)
 Metaspace       used 14068K, capacity 14318K, committed 14592K, reserved 1062912K
  class space    used 1641K, capacity 1725K, committed 1792K, reserved 1048576K
}
Event: 14.412 GC heap before
{Heap before GC invocations=5 (full 1):
 PSYoungGen      total 17920K, used 17889K [0x00000000e0000000, 0x00000000e2300000, 0x0000000100000000)
  eden space 15360K, 100% used [0x00000000e0000000,0x00000000e0f00000,0x00000000e0f00000)
  from space 2560K, 98% used [0x00000000e0f00000,0x00000000e11784b0,0x00000000e1180000)
  to   space 2560K, 0% used [0x00000000e2080000,0x00000000e2080000,0x00000000e2300000)
 ParOldGen       total 40960K, used 6108K [0x00000000a0000000, 0x00000000a2800000, 0x00000000e0000000)
  object space 40960K, 14% used [0x00000000a0000000,0x00000000a05f7238,0x00000000a2800000)
 Metaspace       used 18027K, capacity 18302K, committed 18688K, reserved 1064960K
  class space    used 2142K, capacity 2217K, committed 2304K, reserved 1048576K
Event: 14.423 GC heap after
Heap after GC invocations=5 (full 1):
 PSYoungGen      total 33280K, used 2532K [0x00000000e0000000, 0x00000000e2300000, 0x0000000100000000)
  eden space 30720K, 0% used [0x00000000e0000000,0x00000000e0000000,0x00000000e1e00000)
  from space 2560K, 98% used [0x00000000e2080000,0x00000000e22f9320,0x00000000e2300000)
  to   space 2560K, 0% used [0x00000000e1e00000,0x00000000e1e00000,0x00000000e2080000)
 ParOldGen       total 40960K, used 9680K [0x00000000a0000000, 0x00000000a2800000, 0x00000000e0000000)
  object space 40960K, 23% used [0x00000000a0000000,0x00000000a0974180,0x00000000a2800000)
 Metaspace       used 18027K, capacity 18302K, committed 18688K, reserved 1064960K
  class space    used 2142K, capacity 2217K, committed 2304K, reserved 1048576K
}
Event: 14.772 GC heap before
{Heap before GC invocations=6 (full 1):
 PSYoungGen      total 33280K, used 17439K [0x00000000e0000000, 0x00000000e2300000, 0x0000000100000000)
  eden space 30720K, 48% used [0x00000000e0000000,0x00000000e0e8e998,0x00000000e1e00000)
  from space 2560K, 98% used [0x00000000e2080000,0x00000000e22f9320,0x00000000e2300000)
  to   space 2560K, 0% used [0x00000000e1e00000,0x00000000e1e00000,0x00000000e2080000)
 ParOldGen       total 40960K, used 9680K [0x00000000a0000000, 0x00000000a2800000, 0x00000000e0000000)
  object space 40960K, 23% used [0x00000000a0000000,0x00000000a0974180,0x00000000a2800000)
 Metaspace       used 20775K, capacity 21066K, committed 21296K, reserved 1069056K
  class space    used 2552K, capacity 2651K, committed 2688K, reserved 1048576K
Event: 14.783 GC heap after
Heap after GC invocations=6 (full 1):
 PSYoungGen      total 33280K, used 2529K [0x00000000e0000000, 0x00000000e4100000, 0x0000000100000000)
  eden space 30720K, 0% used [0x00000000e0000000,0x00000000e0000000,0x00000000e1e00000)
  from space 2560K, 98% used [0x00000000e1e00000,0x00000000e20784d0,0x00000000e2080000)
  to   space 2560K, 0% used [0x00000000e3e80000,0x00000000e3e80000,0x00000000e4100000)
 ParOldGen       total 40960K, used 12617K [0x00000000a0000000, 0x00000000a2800000, 0x00000000e0000000)
  object space 40960K, 30% used [0x00000000a0000000,0x00000000a0c52520,0x00000000a2800000)
 Metaspace       used 20775K, capacity 21066K, committed 21296K, reserved 1069056K
  class space    used 2552K, capacity 2651K, committed 2688K, reserved 1048576K
}
Event: 14.783 GC heap before
{Heap before GC invocations=7 (full 2):
 PSYoungGen      total 33280K, used 2529K [0x00000000e0000000, 0x00000000e4100000, 0x0000000100000000)
  eden space 30720K, 0% used [0x00000000e0000000,0x00000000e0000000,0x00000000e1e00000)
  from space 2560K, 98% used [0x00000000e1e00000,0x00000000e20784d0,0x00000000e2080000)
  to   space 2560K, 0% used [0x00000000e3e80000,0x00000000e3e80000,0x00000000e4100000)
 ParOldGen       total 40960K, used 12617K [0x00000000a0000000, 0x00000000a2800000, 0x00000000e0000000)
  object space 40960K, 30% used [0x00000000a0000000,0x00000000a0c52520,0x00000000a2800000)
 Metaspace       used 20775K, capacity 21066K, committed 21296K, reserved 1069056K
  class space    used 2552K, capacity 2651K, committed 2688K, reserved 1048576K
Event: 14.831 GC heap after
Heap after GC invocations=7 (full 2):
 PSYoungGen      total 33280K, used 0K [0x00000000e0000000, 0x00000000e4100000, 0x0000000100000000)
  eden space 30720K, 0% used [0x00000000e0000000,0x00000000e0000000,0x00000000e1e00000)
  from space 2560K, 0% used [0x00000000e1e00000,0x00000000e1e00000,0x00000000e2080000)
  to   space 2560K, 0% used [0x00000000e3e80000,0x00000000e3e80000,0x00000000e4100000)
 ParOldGen       total 30208K, used 7656K [0x00000000a0000000, 0x00000000a1d80000, 0x00000000e0000000)
  object space 30208K, 25% used [0x00000000a0000000,0x00000000a077a3d0,0x00000000a1d80000)
 Metaspace       used 20775K, capacity 21066K, committed 21296K, reserved 1069056K
  class space    used 2552K, capacity 2651K, committed 2688K, reserved 1048576K
}

