# JRE version: OpenJDK Runtime Environment (8.0_152-b01) (build 1.8.0_152-release-915-b01)
# Java VM: OpenJDK 64-Bit Server VM (25.152-b01 mixed mode windows-amd64 compressed oops)
Heap:
 PSYoungGen      total 224256K, used 115075K [0x00000000e0000000, 0x00000000efc80000, 0x0000000100000000)
  eden space 213504K, 53% used [0x00000000e0000000,0x00000000e7060e88,0x00000000ed080000)
  from space 10752K, 0% used [0x00000000ed980000,0x00000000ed980000,0x00000000ee400000)
  to   space 22528K, 0% used [0x00000000ee680000,0x00000000ee680000,0x00000000efc80000)
 ParOldGen       total 162304K, used 99248K [0x00000000a0000000, 0x00000000a9e80000, 0x00000000e0000000)
  object space 162304K, 61% used [0x00000000a0000000,0x00000000a60ec270,0x00000000a9e80000)
 Metaspace       used 82592K, capacity 86147K, committed 88536K, reserved 1126400K
  class space    used 10592K, capacity 11415K, committed 12032K, reserved 1048576K
GC Heap History (10 events):
Event: 528.405 GC heap before
{Heap before GC invocations=20 (full 3):
 PSYoungGen      total 204800K, used 204652K [0x00000000e0000000, 0x00000000eed00000, 0x0000000100000000)
  eden space 190464K, 100% used [0x00000000e0000000,0x00000000eba00000,0x00000000eba00000)
  from space 14336K, 98% used [0x00000000edf00000,0x00000000eecdb1b8,0x00000000eed00000)
  to   space 17408K, 0% used [0x00000000ecb00000,0x00000000ecb00000,0x00000000edc00000)
 ParOldGen       total 75264K, used 32753K [0x00000000a0000000, 0x00000000a4980000, 0x00000000e0000000)
  object space 75264K, 43% used [0x00000000a0000000,0x00000000a1ffc7a0,0x00000000a4980000)
 Metaspace       used 70983K, capacity 74277K, committed 74456K, reserved 1114112K
  class space    used 9451K, capacity 10216K, committed 10240K, reserved 1048576K
Event: 528.601 GC heap after
Heap after GC invocations=20 (full 3):
 PSYoungGen      total 225280K, used 17380K [0x00000000e0000000, 0x00000000f0880000, 0x0000000100000000)
  eden space 207872K, 0% used [0x00000000e0000000,0x00000000e0000000,0x00000000ecb00000)
  from space 17408K, 99% used [0x00000000ecb00000,0x00000000edbf90e0,0x00000000edc00000)
  to   space 24576K, 0% used [0x00000000ef080000,0x00000000ef080000,0x00000000f0880000)
 ParOldGen       total 75264K, used 44078K [0x00000000a0000000, 0x00000000a4980000, 0x00000000e0000000)
  object space 75264K, 58% used [0x00000000a0000000,0x00000000a2b0b920,0x00000000a4980000)
 Metaspace       used 70983K, capacity 74277K, committed 74456K, reserved 1114112K
  class space    used 9451K, capacity 10216K, committed 10240K, reserved 1048576K
}
Event: 3196.057 GC heap before
{Heap before GC invocations=21 (full 3):
 PSYoungGen      total 225280K, used 225252K [0x00000000e0000000, 0x00000000f0880000, 0x0000000100000000)
  eden space 207872K, 100% used [0x00000000e0000000,0x00000000ecb00000,0x00000000ecb00000)
  from space 17408K, 99% used [0x00000000ecb00000,0x00000000edbf90e0,0x00000000edc00000)
  to   space 24576K, 0% used [0x00000000ef080000,0x00000000ef080000,0x00000000f0880000)
 ParOldGen       total 75264K, used 44078K [0x00000000a0000000, 0x00000000a4980000, 0x00000000e0000000)
  object space 75264K, 58% used [0x00000000a0000000,0x00000000a2b0b920,0x00000000a4980000)
 Metaspace       used 74330K, capacity 78219K, committed 78296K, reserved 1116160K
  class space    used 9836K, capacity 10750K, committed 10752K, reserved 1048576K
Event: 3196.230 GC heap after
Heap after GC invocations=21 (full 3):
 PSYoungGen      total 247296K, used 5814K [0x00000000e0000000, 0x00000000f1500000, 0x0000000100000000)
  eden space 222720K, 0% used [0x00000000e0000000,0x00000000e0000000,0x00000000ed980000)
  from space 24576K, 23% used [0x00000000ef080000,0x00000000ef62d870,0x00000000f0880000)
  to   space 23552K, 0% used [0x00000000ed980000,0x00000000ed980000,0x00000000ef080000)
 ParOldGen       total 75264K, used 60301K [0x00000000a0000000, 0x00000000a4980000, 0x00000000e0000000)
  object space 75264K, 80% used [0x00000000a0000000,0x00000000a3ae35d8,0x00000000a4980000)
 Metaspace       used 74330K, capacity 78219K, committed 78296K, reserved 1116160K
  class space    used 9836K, capacity 10750K, committed 10752K, reserved 1048576K
}
Event: 3306.103 GC heap before
{Heap before GC invocations=22 (full 3):
 PSYoungGen      total 247296K, used 228534K [0x00000000e0000000, 0x00000000f1500000, 0x0000000100000000)
  eden space 222720K, 100% used [0x00000000e0000000,0x00000000ed980000,0x00000000ed980000)
  from space 24576K, 23% used [0x00000000ef080000,0x00000000ef62d870,0x00000000f0880000)
  to   space 23552K, 0% used [0x00000000ed980000,0x00000000ed980000,0x00000000ef080000)
 ParOldGen       total 75264K, used 60301K [0x00000000a0000000, 0x00000000a4980000, 0x00000000e0000000)
  object space 75264K, 80% used [0x00000000a0000000,0x00000000a3ae35d8,0x00000000a4980000)
 Metaspace       used 75800K, capacity 80113K, committed 80344K, reserved 1118208K
  class space    used 9972K, capacity 10949K, committed 11008K, reserved 1048576K
Event: 3306.209 GC heap after
Heap after GC invocations=22 (full 3):
 PSYoungGen      total 224256K, used 10388K [0x00000000e0000000, 0x00000000efc80000, 0x0000000100000000)
  eden space 213504K, 0% used [0x00000000e0000000,0x00000000e0000000,0x00000000ed080000)
  from space 10752K, 96% used [0x00000000ed980000,0x00000000ee3a5058,0x00000000ee400000)
  to   space 22528K, 0% used [0x00000000ee680000,0x00000000ee680000,0x00000000efc80000)
 ParOldGen       total 75264K, used 60309K [0x00000000a0000000, 0x00000000a4980000, 0x00000000e0000000)
  object space 75264K, 80% used [0x00000000a0000000,0x00000000a3ae55d8,0x00000000a4980000)
 Metaspace       used 75800K, capacity 80113K, committed 80344K, reserved 1118208K
  class space    used 9972K, capacity 10949K, committed 11008K, reserved 1048576K
}
Event: 3329.447 GC heap before
{Heap before GC invocations=23 (full 3):
 PSYoungGen      total 224256K, used 223892K [0x00000000e0000000, 0x00000000efc80000, 0x0000000100000000)
  eden space 213504K, 100% used [0x00000000e0000000,0x00000000ed080000,0x00000000ed080000)
  from space 10752K, 96% used [0x00000000ed980000,0x00000000ee3a5058,0x00000000ee400000)
  to   space 22528K, 0% used [0x00000000ee680000,0x00000000ee680000,0x00000000efc80000)
 ParOldGen       total 75264K, used 60309K [0x00000000a0000000, 0x00000000a4980000, 0x00000000e0000000)
  object space 75264K, 80% used [0x00000000a0000000,0x00000000a3ae55d8,0x00000000a4980000)
 Metaspace       used 83759K, capacity 88179K, committed 88536K, reserved 1126400K
  class space    used 10910K, capacity 11921K, committed 12032K, reserved 1048576K
Event: 3329.586 GC heap after
Heap after GC invocations=23 (full 3):
 PSYoungGen      total 224256K, used 223892K [0x00000000e0000000, 0x00000000efc80000, 0x0000000100000000)
  eden space 213504K, 100% used [0x00000000e0000000,0x00000000ed080000,0x00000000ed080000)
  from space 10752K, 96% used [0x00000000ed980000,0x00000000ee3a5058,0x00000000ee400000)
  to   space 22528K, 99% used [0x00000000ee680000,0x00000000efc79808,0x00000000efc80000)
 ParOldGen       total 102400K, used 102224K [0x00000000a0000000, 0x00000000a6400000, 0x00000000e0000000)
  object space 102400K, 99% used [0x00000000a0000000,0x00000000a63d4188,0x00000000a6400000)
 Metaspace       used 83759K, capacity 88179K, committed 88536K, reserved 1126400K
  class space    used 10910K, capacity 11921K, committed 12032K, reserved 1048576K
}
Event: 3329.608 GC heap before
{Heap before GC invocations=24 (full 4):
 PSYoungGen      total 224256K, used 223892K [0x00000000e0000000, 0x00000000efc80000, 0x0000000100000000)
  eden space 213504K, 100% used [0x00000000e0000000,0x00000000ed080000,0x00000000ed080000)
  from space 10752K, 96% used [0x00000000ed980000,0x00000000ee3a5058,0x00000000ee400000)
  to   space 22528K, 99% used [0x00000000ee680000,0x00000000efc79808,0x00000000efc80000)
 ParOldGen       total 102400K, used 102224K [0x00000000a0000000, 0x00000000a6400000, 0x00000000e0000000)
  object space 102400K, 99% used [0x00000000a0000000,0x00000000a63d4188,0x00000000a6400000)
 Metaspace       used 83759K, capacity 88179K, committed 88536K, reserved 1126400K
  class space    used 10910K, capacity 11921K, committed 12032K, reserved 1048576K
Event: 3330.625 GC heap after
Heap after GC invocations=24 (full 4):
 PSYoungGen      total 224256K, used 0K [0x00000000e0000000, 0x00000000efc80000, 0x0000000100000000)
  eden space 213504K, 0% used [0x00000000e0000000,0x00000000e0000000,0x00000000ed080000)
  from space 10752K, 0% used [0x00000000ed980000,0x00000000ed980000,0x00000000ee400000)
  to   space 22528K, 0% used [0x00000000ee680000,0x00000000ee680000,0x00000000efc80000)
 ParOldGen       total 162304K, used 99248K [0x00000000a0000000, 0x00000000a9e80000, 0x00000000e0000000)
  object space 162304K, 61% used [0x00000000a0000000,0x00000000a60ec270,0x00000000a9e80000)
 Metaspace       used 82034K, capacity 85507K, committed 88536K, reserved 1126400K
  class space    used 10531K, capacity 11351K, committed 12032K, reserved 1048576K
}

