# JRE version: OpenJDK Runtime Environment (8.0_152-b01) (build 1.8.0_152-release-915-b01)
# Java VM: OpenJDK 64-Bit Server VM (25.152-b01 mixed mode windows-amd64 compressed oops)
Heap:
 PSYoungGen      total 460800K, used 150134K [0x00000000e0000000, 0x00000000fed80000, 0x0000000100000000)
  eden space 431616K, 31% used [0x00000000e0000000,0x00000000e8570750,0x00000000fa580000)
  from space 29184K, 46% used [0x00000000fd100000,0x00000000fde2d228,0x00000000fed80000)
  to   space 36864K, 0% used [0x00000000fa580000,0x00000000fa580000,0x00000000fc980000)
 ParOldGen       total 135168K, used 74332K [0x00000000a0000000, 0x00000000a8400000, 0x00000000e0000000)
  object space 135168K, 54% used [0x00000000a0000000,0x00000000a48970e0,0x00000000a8400000)
 Metaspace       used 81955K, capacity 86612K, committed 86744K, reserved 1124352K
  class space    used 10481K, capacity 11449K, committed 11520K, reserved 1048576K
GC Heap History (10 events):
Event: 817.627 GC heap before
{Heap before GC invocations=20 (full 4):
 PSYoungGen      total 280064K, used 261434K [0x00000000e0000000, 0x00000000f8e80000, 0x0000000100000000)
  eden space 261632K, 99% used [0x00000000e0000000,0x00000000eff4e920,0x00000000eff80000)
  from space 18432K, 0% used [0x00000000eff80000,0x00000000eff80000,0x00000000f1180000)
  to   space 37376K, 0% used [0x00000000f6a00000,0x00000000f6a00000,0x00000000f8e80000)
 ParOldGen       total 135168K, used 73794K [0x00000000a0000000, 0x00000000a8400000, 0x00000000e0000000)
  object space 135168K, 54% used [0x00000000a0000000,0x00000000a4810b80,0x00000000a8400000)
 Metaspace       used 78795K, capacity 81908K, committed 82136K, reserved 1120256K
  class space    used 10209K, capacity 10919K, committed 11008K, reserved 1048576K
Event: 817.657 GC heap after
Heap after GC invocations=20 (full 4):
 PSYoungGen      total 372224K, used 15826K [0x00000000e0000000, 0x00000000f9580000, 0x0000000100000000)
  eden space 334848K, 0% used [0x00000000e0000000,0x00000000e0000000,0x00000000f4700000)
  from space 37376K, 42% used [0x00000000f6a00000,0x00000000f7974a18,0x00000000f8e80000)
  to   space 35840K, 0% used [0x00000000f4700000,0x00000000f4700000,0x00000000f6a00000)
 ParOldGen       total 135168K, used 73802K [0x00000000a0000000, 0x00000000a8400000, 0x00000000e0000000)
  object space 135168K, 54% used [0x00000000a0000000,0x00000000a4812b80,0x00000000a8400000)
 Metaspace       used 78795K, capacity 81908K, committed 82136K, reserved 1120256K
  class space    used 10209K, capacity 10919K, committed 11008K, reserved 1048576K
}
Event: 1349.230 GC heap before
{Heap before GC invocations=21 (full 4):
 PSYoungGen      total 372224K, used 350674K [0x00000000e0000000, 0x00000000f9580000, 0x0000000100000000)
  eden space 334848K, 100% used [0x00000000e0000000,0x00000000f4700000,0x00000000f4700000)
  from space 37376K, 42% used [0x00000000f6a00000,0x00000000f7974a18,0x00000000f8e80000)
  to   space 35840K, 0% used [0x00000000f4700000,0x00000000f4700000,0x00000000f6a00000)
 ParOldGen       total 135168K, used 73802K [0x00000000a0000000, 0x00000000a8400000, 0x00000000e0000000)
  object space 135168K, 54% used [0x00000000a0000000,0x00000000a4812b80,0x00000000a8400000)
 Metaspace       used 80013K, capacity 83334K, committed 83416K, reserved 1122304K
  class space    used 10280K, capacity 11006K, committed 11008K, reserved 1048576K
Event: 1349.425 GC heap after
Heap after GC invocations=21 (full 4):
 PSYoungGen      total 370688K, used 33966K [0x00000000e0000000, 0x00000000fd280000, 0x0000000100000000)
  eden space 334848K, 0% used [0x00000000e0000000,0x00000000e0000000,0x00000000f4700000)
  from space 35840K, 94% used [0x00000000f4700000,0x00000000f682bb20,0x00000000f6a00000)
  to   space 40960K, 0% used [0x00000000faa80000,0x00000000faa80000,0x00000000fd280000)
 ParOldGen       total 135168K, used 74308K [0x00000000a0000000, 0x00000000a8400000, 0x00000000e0000000)
  object space 135168K, 54% used [0x00000000a0000000,0x00000000a48910e0,0x00000000a8400000)
 Metaspace       used 80013K, capacity 83334K, committed 83416K, reserved 1122304K
  class space    used 10280K, capacity 11006K, committed 11008K, reserved 1048576K
}
Event: 1638.398 GC heap before
{Heap before GC invocations=22 (full 4):
 PSYoungGen      total 370688K, used 368814K [0x00000000e0000000, 0x00000000fd280000, 0x0000000100000000)
  eden space 334848K, 100% used [0x00000000e0000000,0x00000000f4700000,0x00000000f4700000)
  from space 35840K, 94% used [0x00000000f4700000,0x00000000f682bb20,0x00000000f6a00000)
  to   space 40960K, 0% used [0x00000000faa80000,0x00000000faa80000,0x00000000fd280000)
 ParOldGen       total 135168K, used 74308K [0x00000000a0000000, 0x00000000a8400000, 0x00000000e0000000)
  object space 135168K, 54% used [0x00000000a0000000,0x00000000a48910e0,0x00000000a8400000)
 Metaspace       used 80274K, capacity 83682K, committed 83800K, reserved 1122304K
  class space    used 10295K, capacity 11052K, committed 11136K, reserved 1048576K
Event: 1638.484 GC heap after
Heap after GC invocations=22 (full 4):
 PSYoungGen      total 416256K, used 8460K [0x00000000e0000000, 0x00000000fc780000, 0x0000000100000000)
  eden space 386560K, 0% used [0x00000000e0000000,0x00000000e0000000,0x00000000f7980000)
  from space 29696K, 28% used [0x00000000faa80000,0x00000000fb2c3088,0x00000000fc780000)
  to   space 39936K, 0% used [0x00000000f7980000,0x00000000f7980000,0x00000000fa080000)
 ParOldGen       total 135168K, used 74316K [0x00000000a0000000, 0x00000000a8400000, 0x00000000e0000000)
  object space 135168K, 54% used [0x00000000a0000000,0x00000000a48930e0,0x00000000a8400000)
 Metaspace       used 80274K, capacity 83682K, committed 83800K, reserved 1122304K
  class space    used 10295K, capacity 11052K, committed 11136K, reserved 1048576K
}
Event: 2603.799 GC heap before
{Heap before GC invocations=23 (full 4):
 PSYoungGen      total 416256K, used 395020K [0x00000000e0000000, 0x00000000fc780000, 0x0000000100000000)
  eden space 386560K, 100% used [0x00000000e0000000,0x00000000f7980000,0x00000000f7980000)
  from space 29696K, 28% used [0x00000000faa80000,0x00000000fb2c3088,0x00000000fc780000)
  to   space 39936K, 0% used [0x00000000f7980000,0x00000000f7980000,0x00000000fa080000)
 ParOldGen       total 135168K, used 74316K [0x00000000a0000000, 0x00000000a8400000, 0x00000000e0000000)
  object space 135168K, 54% used [0x00000000a0000000,0x00000000a48930e0,0x00000000a8400000)
 Metaspace       used 81167K, capacity 85294K, committed 85592K, reserved 1124352K
  class space    used 10397K, capacity 11274K, committed 11392K, reserved 1048576K
Event: 2603.948 GC heap after
Heap after GC invocations=23 (full 4):
 PSYoungGen      total 426496K, used 4151K [0x00000000e0000000, 0x00000000ff780000, 0x0000000100000000)
  eden space 386560K, 0% used [0x00000000e0000000,0x00000000e0000000,0x00000000f7980000)
  from space 39936K, 10% used [0x00000000f7980000,0x00000000f7d8dde0,0x00000000fa080000)
  to   space 39424K, 0% used [0x00000000fd100000,0x00000000fd100000,0x00000000ff780000)
 ParOldGen       total 135168K, used 74324K [0x00000000a0000000, 0x00000000a8400000, 0x00000000e0000000)
  object space 135168K, 54% used [0x00000000a0000000,0x00000000a48950e0,0x00000000a8400000)
 Metaspace       used 81167K, capacity 85294K, committed 85592K, reserved 1124352K
  class space    used 10397K, capacity 11274K, committed 11392K, reserved 1048576K
}
Event: 2701.547 GC heap before
{Heap before GC invocations=24 (full 4):
 PSYoungGen      total 426496K, used 388826K [0x00000000e0000000, 0x00000000ff780000, 0x0000000100000000)
  eden space 386560K, 99% used [0x00000000e0000000,0x00000000f77a8b88,0x00000000f7980000)
  from space 39936K, 10% used [0x00000000f7980000,0x00000000f7d8dde0,0x00000000fa080000)
  to   space 39424K, 0% used [0x00000000fd100000,0x00000000fd100000,0x00000000ff780000)
 ParOldGen       total 135168K, used 74324K [0x00000000a0000000, 0x00000000a8400000, 0x00000000e0000000)
  object space 135168K, 54% used [0x00000000a0000000,0x00000000a48950e0,0x00000000a8400000)
 Metaspace       used 81679K, capacity 86070K, committed 86104K, reserved 1124352K
  class space    used 10444K, capacity 11360K, committed 11392K, reserved 1048576K
Event: 2701.710 GC heap after
Heap after GC invocations=24 (full 4):
 PSYoungGen      total 460800K, used 13492K [0x00000000e0000000, 0x00000000fed80000, 0x0000000100000000)
  eden space 431616K, 0% used [0x00000000e0000000,0x00000000e0000000,0x00000000fa580000)
  from space 29184K, 46% used [0x00000000fd100000,0x00000000fde2d228,0x00000000fed80000)
  to   space 36864K, 0% used [0x00000000fa580000,0x00000000fa580000,0x00000000fc980000)
 ParOldGen       total 135168K, used 74332K [0x00000000a0000000, 0x00000000a8400000, 0x00000000e0000000)
  object space 135168K, 54% used [0x00000000a0000000,0x00000000a48970e0,0x00000000a8400000)
 Metaspace       used 81679K, capacity 86070K, committed 86104K, reserved 1124352K
  class space    used 10444K, capacity 11360K, committed 11392K, reserved 1048576K
}

