# JRE version: OpenJDK Runtime Environment (8.0_152-b01) (build 1.8.0_152-release-915-b01)
# Java VM: OpenJDK 64-Bit Server VM (25.152-b01 mixed mode windows-amd64 compressed oops)
Heap:
 PSYoungGen      total 44544K, used 16391K [0x00000000e0000000, 0x00000000e4100000, 0x0000000100000000)
  eden space 41984K, 39% used [0x00000000e0000000,0x00000000e1001ff8,0x00000000e2900000)
  from space 2560K, 0% used [0x00000000e3e80000,0x00000000e3e80000,0x00000000e4100000)
  to   space 8192K, 0% used [0x00000000e3100000,0x00000000e3100000,0x00000000e3900000)
 ParOldGen       total 36864K, used 16088K [0x00000000a0000000, 0x00000000a2400000, 0x00000000e0000000)
  object space 36864K, 43% used [0x00000000a0000000,0x00000000a0fb6348,0x00000000a2400000)
 Metaspace       used 35864K, capacity 36360K, committed 36776K, reserved 1081344K
  class space    used 4605K, capacity 4750K, committed 4864K, reserved 1048576K
GC Heap History (10 events):
Event: 3.837 GC heap before
{Heap before GC invocations=7 (full 2):
 PSYoungGen      total 33280K, used 2545K [0x00000000e0000000, 0x00000000e4100000, 0x0000000100000000)
  eden space 30720K, 0% used [0x00000000e0000000,0x00000000e0000000,0x00000000e1e00000)
  from space 2560K, 99% used [0x00000000e1e00000,0x00000000e207c4c0,0x00000000e2080000)
  to   space 2560K, 0% used [0x00000000e3e80000,0x00000000e3e80000,0x00000000e4100000)
 ParOldGen       total 40960K, used 12639K [0x00000000a0000000, 0x00000000a2800000, 0x00000000e0000000)
  object space 40960K, 30% used [0x00000000a0000000,0x00000000a0c57f30,0x00000000a2800000)
 Metaspace       used 20746K, capacity 21056K, committed 21296K, reserved 1069056K
  class space    used 2545K, capacity 2622K, committed 2688K, reserved 1048576K
Event: 3.913 GC heap after
Heap after GC invocations=7 (full 2):
 PSYoungGen      total 33280K, used 0K [0x00000000e0000000, 0x00000000e4100000, 0x0000000100000000)
  eden space 30720K, 0% used [0x00000000e0000000,0x00000000e0000000,0x00000000e1e00000)
  from space 2560K, 0% used [0x00000000e1e00000,0x00000000e1e00000,0x00000000e2080000)
  to   space 2560K, 0% used [0x00000000e3e80000,0x00000000e3e80000,0x00000000e4100000)
 ParOldGen       total 36864K, used 7124K [0x00000000a0000000, 0x00000000a2400000, 0x00000000e0000000)
  object space 36864K, 19% used [0x00000000a0000000,0x00000000a06f52f0,0x00000000a2400000)
 Metaspace       used 20746K, capacity 21056K, committed 21296K, reserved 1069056K
  class space    used 2545K, capacity 2622K, committed 2688K, reserved 1048576K
}
Event: 4.961 GC heap before
{Heap before GC invocations=8 (full 2):
 PSYoungGen      total 33280K, used 30720K [0x00000000e0000000, 0x00000000e4100000, 0x0000000100000000)
  eden space 30720K, 100% used [0x00000000e0000000,0x00000000e1e00000,0x00000000e1e00000)
  from space 2560K, 0% used [0x00000000e1e00000,0x00000000e1e00000,0x00000000e2080000)
  to   space 2560K, 0% used [0x00000000e3e80000,0x00000000e3e80000,0x00000000e4100000)
 ParOldGen       total 36864K, used 7124K [0x00000000a0000000, 0x00000000a2400000, 0x00000000e0000000)
  object space 36864K, 19% used [0x00000000a0000000,0x00000000a06f52f0,0x00000000a2400000)
 Metaspace       used 24524K, capacity 25002K, committed 25472K, reserved 1071104K
  class space    used 3174K, capacity 3331K, committed 3456K, reserved 1048576K
Event: 4.973 GC heap after
Heap after GC invocations=8 (full 2):
 PSYoungGen      total 44544K, used 2552K [0x00000000e0000000, 0x00000000e4100000, 0x0000000100000000)
  eden space 41984K, 0% used [0x00000000e0000000,0x00000000e0000000,0x00000000e2900000)
  from space 2560K, 99% used [0x00000000e3e80000,0x00000000e40fe168,0x00000000e4100000)
  to   space 8192K, 0% used [0x00000000e3100000,0x00000000e3100000,0x00000000e3900000)
 ParOldGen       total 36864K, used 11536K [0x00000000a0000000, 0x00000000a2400000, 0x00000000e0000000)
  object space 36864K, 31% used [0x00000000a0000000,0x00000000a0b44098,0x00000000a2400000)
 Metaspace       used 24524K, capacity 25002K, committed 25472K, reserved 1071104K
  class space    used 3174K, capacity 3331K, committed 3456K, reserved 1048576K
}
Event: 6.491 GC heap before
{Heap before GC invocations=9 (full 2):
 PSYoungGen      total 44544K, used 44536K [0x00000000e0000000, 0x00000000e4100000, 0x0000000100000000)
  eden space 41984K, 100% used [0x00000000e0000000,0x00000000e2900000,0x00000000e2900000)
  from space 2560K, 99% used [0x00000000e3e80000,0x00000000e40fe168,0x00000000e4100000)
  to   space 8192K, 0% used [0x00000000e3100000,0x00000000e3100000,0x00000000e3900000)
 ParOldGen       total 36864K, used 11536K [0x00000000a0000000, 0x00000000a2400000, 0x00000000e0000000)
  object space 36864K, 31% used [0x00000000a0000000,0x00000000a0b44098,0x00000000a2400000)
 Metaspace       used 31714K, capacity 32166K, committed 32512K, reserved 1077248K
  class space    used 4081K, capacity 4239K, committed 4352K, reserved 1048576K
Event: 6.510 GC heap after
Heap after GC invocations=9 (full 2):
 PSYoungGen      total 50176K, used 8179K [0x00000000e0000000, 0x00000000e4100000, 0x0000000100000000)
  eden space 41984K, 0% used [0x00000000e0000000,0x00000000e0000000,0x00000000e2900000)
  from space 8192K, 99% used [0x00000000e3100000,0x00000000e38fcec8,0x00000000e3900000)
  to   space 2560K, 0% used [0x00000000e3e80000,0x00000000e3e80000,0x00000000e4100000)
 ParOldGen       total 36864K, used 17659K [0x00000000a0000000, 0x00000000a2400000, 0x00000000e0000000)
  object space 36864K, 47% used [0x00000000a0000000,0x00000000a113ef78,0x00000000a2400000)
 Metaspace       used 31714K, capacity 32166K, committed 32512K, reserved 1077248K
  class space    used 4081K, capacity 4239K, committed 4352K, reserved 1048576K
}
Event: 7.129 GC heap before
{Heap before GC invocations=10 (full 2):
 PSYoungGen      total 50176K, used 27771K [0x00000000e0000000, 0x00000000e4100000, 0x0000000100000000)
  eden space 41984K, 46% used [0x00000000e0000000,0x00000000e1322048,0x00000000e2900000)
  from space 8192K, 99% used [0x00000000e3100000,0x00000000e38fcec8,0x00000000e3900000)
  to   space 2560K, 0% used [0x00000000e3e80000,0x00000000e3e80000,0x00000000e4100000)
 ParOldGen       total 36864K, used 17659K [0x00000000a0000000, 0x00000000a2400000, 0x00000000e0000000)
  object space 36864K, 47% used [0x00000000a0000000,0x00000000a113ef78,0x00000000a2400000)
 Metaspace       used 34712K, capacity 35200K, committed 35496K, reserved 1081344K
  class space    used 4438K, capacity 4580K, committed 4608K, reserved 1048576K
Event: 7.148 GC heap after
Heap after GC invocations=10 (full 2):
 PSYoungGen      total 44544K, used 2528K [0x00000000e0000000, 0x00000000e4100000, 0x0000000100000000)
  eden space 41984K, 0% used [0x00000000e0000000,0x00000000e0000000,0x00000000e2900000)
  from space 2560K, 98% used [0x00000000e3e80000,0x00000000e40f82b0,0x00000000e4100000)
  to   space 8192K, 0% used [0x00000000e3100000,0x00000000e3100000,0x00000000e3900000)
 ParOldGen       total 36864K, used 25696K [0x00000000a0000000, 0x00000000a2400000, 0x00000000e0000000)
  object space 36864K, 69% used [0x00000000a0000000,0x00000000a1918330,0x00000000a2400000)
 Metaspace       used 34712K, capacity 35200K, committed 35496K, reserved 1081344K
  class space    used 4438K, capacity 4580K, committed 4608K, reserved 1048576K
}
Event: 7.148 GC heap before
{Heap before GC invocations=11 (full 3):
 PSYoungGen      total 44544K, used 2528K [0x00000000e0000000, 0x00000000e4100000, 0x0000000100000000)
  eden space 41984K, 0% used [0x00000000e0000000,0x00000000e0000000,0x00000000e2900000)
  from space 2560K, 98% used [0x00000000e3e80000,0x00000000e40f82b0,0x00000000e4100000)
  to   space 8192K, 0% used [0x00000000e3100000,0x00000000e3100000,0x00000000e3900000)
 ParOldGen       total 36864K, used 25696K [0x00000000a0000000, 0x00000000a2400000, 0x00000000e0000000)
  object space 36864K, 69% used [0x00000000a0000000,0x00000000a1918330,0x00000000a2400000)
 Metaspace       used 34712K, capacity 35200K, committed 35496K, reserved 1081344K
  class space    used 4438K, capacity 4580K, committed 4608K, reserved 1048576K
Event: 7.311 GC heap after
Heap after GC invocations=11 (full 3):
 PSYoungGen      total 44544K, used 0K [0x00000000e0000000, 0x00000000e4100000, 0x0000000100000000)
  eden space 41984K, 0% used [0x00000000e0000000,0x00000000e0000000,0x00000000e2900000)
  from space 2560K, 0% used [0x00000000e3e80000,0x00000000e3e80000,0x00000000e4100000)
  to   space 8192K, 0% used [0x00000000e3100000,0x00000000e3100000,0x00000000e3900000)
 ParOldGen       total 36864K, used 16088K [0x00000000a0000000, 0x00000000a2400000, 0x00000000e0000000)
  object space 36864K, 43% used [0x00000000a0000000,0x00000000a0fb6348,0x00000000a2400000)
 Metaspace       used 34712K, capacity 35200K, committed 35496K, reserved 1081344K
  class space    used 4438K, capacity 4580K, committed 4608K, reserved 1048576K
}

