# JRE version: OpenJDK Runtime Environment (8.0_152-b01) (build 1.8.0_152-release-915-b01)
# Java VM: OpenJDK 64-Bit Server VM (25.152-b01 mixed mode windows-amd64 compressed oops)
Heap:
 PSYoungGen      total 47616K, used 20243K [0x00000000e0000000, 0x00000000e5400000, 0x0000000100000000)
  eden space 39936K, 31% used [0x00000000e0000000,0x00000000e0c45c28,0x00000000e2700000)
  from space 7680K, 99% used [0x00000000e3500000,0x00000000e3c7f0f8,0x00000000e3c80000)
  to   space 14336K, 0% used [0x00000000e2700000,0x00000000e2700000,0x00000000e3500000)
 ParOldGen       total 31232K, used 22374K [0x00000000a0000000, 0x00000000a1e80000, 0x00000000e0000000)
  object space 31232K, 71% used [0x00000000a0000000,0x00000000a15d9a50,0x00000000a1e80000)
 Metaspace       used 37946K, capacity 38510K, committed 39040K, reserved 1083392K
  class space    used 4811K, capacity 4949K, committed 4992K, reserved 1048576K
GC Heap History (10 events):
Event: 12.637 GC heap before
{Heap before GC invocations=9 (full 2):
 PSYoungGen      total 28672K, used 28668K [0x00000000e0000000, 0x00000000e2800000, 0x0000000100000000)
  eden space 26112K, 100% used [0x00000000e0000000,0x00000000e1980000,0x00000000e1980000)
  from space 2560K, 99% used [0x00000000e2080000,0x00000000e22ff2b8,0x00000000e2300000)
  to   space 7168K, 0% used [0x00000000e1980000,0x00000000e1980000,0x00000000e2080000)
 ParOldGen       total 31232K, used 8426K [0x00000000a0000000, 0x00000000a1e80000, 0x00000000e0000000)
  object space 31232K, 26% used [0x00000000a0000000,0x00000000a083ab08,0x00000000a1e80000)
 Metaspace       used 26442K, capacity 26902K, committed 27264K, reserved 1073152K
  class space    used 3419K, capacity 3585K, committed 3712K, reserved 1048576K
Event: 12.665 GC heap after
Heap after GC invocations=9 (full 2):
 PSYoungGen      total 33280K, used 6779K [0x00000000e0000000, 0x00000000e3c80000, 0x0000000100000000)
  eden space 26112K, 0% used [0x00000000e0000000,0x00000000e0000000,0x00000000e1980000)
  from space 7168K, 94% used [0x00000000e1980000,0x00000000e201ec98,0x00000000e2080000)
  to   space 7680K, 0% used [0x00000000e3500000,0x00000000e3500000,0x00000000e3c80000)
 ParOldGen       total 31232K, used 8426K [0x00000000a0000000, 0x00000000a1e80000, 0x00000000e0000000)
  object space 31232K, 26% used [0x00000000a0000000,0x00000000a083ab08,0x00000000a1e80000)
 Metaspace       used 26442K, capacity 26902K, committed 27264K, reserved 1073152K
  class space    used 3419K, capacity 3585K, committed 3712K, reserved 1048576K
}
Event: 13.465 GC heap before
{Heap before GC invocations=10 (full 2):
 PSYoungGen      total 33280K, used 32891K [0x00000000e0000000, 0x00000000e3c80000, 0x0000000100000000)
  eden space 26112K, 100% used [0x00000000e0000000,0x00000000e1980000,0x00000000e1980000)
  from space 7168K, 94% used [0x00000000e1980000,0x00000000e201ec98,0x00000000e2080000)
  to   space 7680K, 0% used [0x00000000e3500000,0x00000000e3500000,0x00000000e3c80000)
 ParOldGen       total 31232K, used 8426K [0x00000000a0000000, 0x00000000a1e80000, 0x00000000e0000000)
  object space 31232K, 26% used [0x00000000a0000000,0x00000000a083ab08,0x00000000a1e80000)
 Metaspace       used 30557K, capacity 30958K, committed 31232K, reserved 1077248K
  class space    used 3937K, capacity 4075K, committed 4096K, reserved 1048576K
Event: 13.490 GC heap after
Heap after GC invocations=10 (full 2):
 PSYoungGen      total 51712K, used 7668K [0x00000000e0000000, 0x00000000e4200000, 0x0000000100000000)
  eden space 44032K, 0% used [0x00000000e0000000,0x00000000e0000000,0x00000000e2b00000)
  from space 7680K, 99% used [0x00000000e3500000,0x00000000e3c7d0d0,0x00000000e3c80000)
  to   space 10240K, 0% used [0x00000000e2b00000,0x00000000e2b00000,0x00000000e3500000)
 ParOldGen       total 31232K, used 12268K [0x00000000a0000000, 0x00000000a1e80000, 0x00000000e0000000)
  object space 31232K, 39% used [0x00000000a0000000,0x00000000a0bfb1b8,0x00000000a1e80000)
 Metaspace       used 30557K, capacity 30958K, committed 31232K, reserved 1077248K
  class space    used 3937K, capacity 4075K, committed 4096K, reserved 1048576K
}
Event: 14.303 GC heap before
{Heap before GC invocations=11 (full 2):
 PSYoungGen      total 51712K, used 32549K [0x00000000e0000000, 0x00000000e4200000, 0x0000000100000000)
  eden space 44032K, 56% used [0x00000000e0000000,0x00000000e184c668,0x00000000e2b00000)
  from space 7680K, 99% used [0x00000000e3500000,0x00000000e3c7d0d0,0x00000000e3c80000)
  to   space 10240K, 0% used [0x00000000e2b00000,0x00000000e2b00000,0x00000000e3500000)
 ParOldGen       total 31232K, used 12268K [0x00000000a0000000, 0x00000000a1e80000, 0x00000000e0000000)
  object space 31232K, 39% used [0x00000000a0000000,0x00000000a0bfb1b8,0x00000000a1e80000)
 Metaspace       used 34736K, capacity 35178K, committed 35496K, reserved 1081344K
  class space    used 4446K, capacity 4577K, committed 4608K, reserved 1048576K
Event: 14.325 GC heap after
Heap after GC invocations=11 (full 2):
 PSYoungGen      total 54272K, used 10216K [0x00000000e0000000, 0x00000000e4200000, 0x0000000100000000)
  eden space 44032K, 0% used [0x00000000e0000000,0x00000000e0000000,0x00000000e2b00000)
  from space 10240K, 99% used [0x00000000e2b00000,0x00000000e34fa348,0x00000000e3500000)
  to   space 7680K, 0% used [0x00000000e3500000,0x00000000e3500000,0x00000000e3c80000)
 ParOldGen       total 31232K, used 14820K [0x00000000a0000000, 0x00000000a1e80000, 0x00000000e0000000)
  object space 31232K, 47% used [0x00000000a0000000,0x00000000a0e79068,0x00000000a1e80000)
 Metaspace       used 34736K, capacity 35178K, committed 35496K, reserved 1081344K
  class space    used 4446K, capacity 4577K, committed 4608K, reserved 1048576K
}
Event: 14.325 GC heap before
{Heap before GC invocations=12 (full 3):
 PSYoungGen      total 54272K, used 10216K [0x00000000e0000000, 0x00000000e4200000, 0x0000000100000000)
  eden space 44032K, 0% used [0x00000000e0000000,0x00000000e0000000,0x00000000e2b00000)
  from space 10240K, 99% used [0x00000000e2b00000,0x00000000e34fa348,0x00000000e3500000)
  to   space 7680K, 0% used [0x00000000e3500000,0x00000000e3500000,0x00000000e3c80000)
 ParOldGen       total 31232K, used 14820K [0x00000000a0000000, 0x00000000a1e80000, 0x00000000e0000000)
  object space 31232K, 47% used [0x00000000a0000000,0x00000000a0e79068,0x00000000a1e80000)
 Metaspace       used 34736K, capacity 35178K, committed 35496K, reserved 1081344K
  class space    used 4446K, capacity 4577K, committed 4608K, reserved 1048576K
Event: 14.447 GC heap after
Heap after GC invocations=12 (full 3):
 PSYoungGen      total 54272K, used 0K [0x00000000e0000000, 0x00000000e4200000, 0x0000000100000000)
  eden space 44032K, 0% used [0x00000000e0000000,0x00000000e0000000,0x00000000e2b00000)
  from space 10240K, 0% used [0x00000000e2b00000,0x00000000e2b00000,0x00000000e3500000)
  to   space 7680K, 0% used [0x00000000e3500000,0x00000000e3500000,0x00000000e3c80000)
 ParOldGen       total 31232K, used 17263K [0x00000000a0000000, 0x00000000a1e80000, 0x00000000e0000000)
  object space 31232K, 55% used [0x00000000a0000000,0x00000000a10dbca0,0x00000000a1e80000)
 Metaspace       used 34736K, capacity 35178K, committed 35496K, reserved 1081344K
  class space    used 4446K, capacity 4577K, committed 4608K, reserved 1048576K
}
Event: 15.459 GC heap before
{Heap before GC invocations=13 (full 3):
 PSYoungGen      total 54272K, used 44032K [0x00000000e0000000, 0x00000000e4200000, 0x0000000100000000)
  eden space 44032K, 100% used [0x00000000e0000000,0x00000000e2b00000,0x00000000e2b00000)
  from space 10240K, 0% used [0x00000000e2b00000,0x00000000e2b00000,0x00000000e3500000)
  to   space 7680K, 0% used [0x00000000e3500000,0x00000000e3500000,0x00000000e3c80000)
 ParOldGen       total 31232K, used 17263K [0x00000000a0000000, 0x00000000a1e80000, 0x00000000e0000000)
  object space 31232K, 55% used [0x00000000a0000000,0x00000000a10dbca0,0x00000000a1e80000)
 Metaspace       used 37232K, capacity 37738K, committed 38272K, reserved 1083392K
  class space    used 4757K, capacity 4911K, committed 4992K, reserved 1048576K
Event: 15.481 GC heap after
Heap after GC invocations=13 (full 3):
 PSYoungGen      total 47616K, used 7676K [0x00000000e0000000, 0x00000000e5400000, 0x0000000100000000)
  eden space 39936K, 0% used [0x00000000e0000000,0x00000000e0000000,0x00000000e2700000)
  from space 7680K, 99% used [0x00000000e3500000,0x00000000e3c7f0f8,0x00000000e3c80000)
  to   space 14336K, 0% used [0x00000000e2700000,0x00000000e2700000,0x00000000e3500000)
 ParOldGen       total 31232K, used 22374K [0x00000000a0000000, 0x00000000a1e80000, 0x00000000e0000000)
  object space 31232K, 71% used [0x00000000a0000000,0x00000000a15d9a50,0x00000000a1e80000)
 Metaspace       used 37232K, capacity 37738K, committed 38272K, reserved 1083392K
  class space    used 4757K, capacity 4911K, committed 4992K, reserved 1048576K
}

