# JRE version: OpenJDK Runtime Environment (8.0_152-b01) (build 1.8.0_152-release-915-b01)
# Java VM: OpenJDK 64-Bit Server VM (25.152-b01 mixed mode windows-amd64 compressed oops)
Heap:
 PSYoungGen      total 28672K, used 20282K [0x00000000e0000000, 0x00000000e2900000, 0x0000000100000000)
  eden space 26112K, 67% used [0x00000000e0000000,0x00000000e11556a8,0x00000000e1980000)
  from space 2560K, 98% used [0x00000000e2080000,0x00000000e22f93b8,0x00000000e2300000)
  to   space 7168K, 0% used [0x00000000e1980000,0x00000000e1980000,0x00000000e2080000)
 ParOldGen       total 31232K, used 9044K [0x00000000a0000000, 0x00000000a1e80000, 0x00000000e0000000)
  object space 31232K, 28% used [0x00000000a0000000,0x00000000a08d52d0,0x00000000a1e80000)
 Metaspace       used 24896K, capacity 25302K, committed 25728K, reserved 1071104K
  class space    used 3235K, capacity 3393K, committed 3456K, reserved 1048576K
GC Heap History (10 events):
Event: 10.899 GC heap before
{Heap before GC invocations=4 (full 1):
 PSYoungGen      total 17920K, used 17888K [0x00000000e0000000, 0x00000000e1400000, 0x0000000100000000)
  eden space 15360K, 100% used [0x00000000e0000000,0x00000000e0f00000,0x00000000e0f00000)
  from space 2560K, 98% used [0x00000000e1180000,0x00000000e13f82b0,0x00000000e1400000)
  to   space 2560K, 0% used [0x00000000e0f00000,0x00000000e0f00000,0x00000000e1180000)
 ParOldGen       total 40960K, used 3724K [0x00000000a0000000, 0x00000000a2800000, 0x00000000e0000000)
  object space 40960K, 9% used [0x00000000a0000000,0x00000000a03a3248,0x00000000a2800000)
 Metaspace       used 14042K, capacity 14288K, committed 14592K, reserved 1062912K
  class space    used 1639K, capacity 1720K, committed 1792K, reserved 1048576K
Event: 10.906 GC heap after
Heap after GC invocations=4 (full 1):
 PSYoungGen      total 17920K, used 2529K [0x00000000e0000000, 0x00000000e1400000, 0x0000000100000000)
  eden space 15360K, 0% used [0x00000000e0000000,0x00000000e0000000,0x00000000e0f00000)
  from space 2560K, 98% used [0x00000000e0f00000,0x00000000e11784b0,0x00000000e1180000)
  to   space 2560K, 0% used [0x00000000e1180000,0x00000000e1180000,0x00000000e1400000)
 ParOldGen       total 40960K, used 6153K [0x00000000a0000000, 0x00000000a2800000, 0x00000000e0000000)
  object space 40960K, 15% used [0x00000000a0000000,0x00000000a0602470,0x00000000a2800000)
 Metaspace       used 14042K, capacity 14288K, committed 14592K, reserved 1062912K
  class space    used 1639K, capacity 1720K, committed 1792K, reserved 1048576K
}
Event: 11.369 GC heap before
{Heap before GC invocations=5 (full 1):
 PSYoungGen      total 17920K, used 17889K [0x00000000e0000000, 0x00000000e1400000, 0x0000000100000000)
  eden space 15360K, 100% used [0x00000000e0000000,0x00000000e0f00000,0x00000000e0f00000)
  from space 2560K, 98% used [0x00000000e0f00000,0x00000000e11784b0,0x00000000e1180000)
  to   space 2560K, 0% used [0x00000000e1180000,0x00000000e1180000,0x00000000e1400000)
 ParOldGen       total 40960K, used 6153K [0x00000000a0000000, 0x00000000a2800000, 0x00000000e0000000)
  object space 40960K, 15% used [0x00000000a0000000,0x00000000a0602470,0x00000000a2800000)
 Metaspace       used 18033K, capacity 18366K, committed 18688K, reserved 1064960K
  class space    used 2142K, capacity 2217K, committed 2304K, reserved 1048576K
Event: 11.379 GC heap after
Heap after GC invocations=5 (full 1):
 PSYoungGen      total 17920K, used 2545K [0x00000000e0000000, 0x00000000e2300000, 0x0000000100000000)
  eden space 15360K, 0% used [0x00000000e0000000,0x00000000e0000000,0x00000000e0f00000)
  from space 2560K, 99% used [0x00000000e1180000,0x00000000e13fc4c0,0x00000000e1400000)
  to   space 2560K, 0% used [0x00000000e0f00000,0x00000000e0f00000,0x00000000e1180000)
 ParOldGen       total 40960K, used 9669K [0x00000000a0000000, 0x00000000a2800000, 0x00000000e0000000)
  object space 40960K, 23% used [0x00000000a0000000,0x00000000a09717e8,0x00000000a2800000)
 Metaspace       used 18033K, capacity 18366K, committed 18688K, reserved 1064960K
  class space    used 2142K, capacity 2217K, committed 2304K, reserved 1048576K
}
Event: 11.707 GC heap before
{Heap before GC invocations=6 (full 1):
 PSYoungGen      total 17920K, used 16772K [0x00000000e0000000, 0x00000000e2300000, 0x0000000100000000)
  eden space 15360K, 92% used [0x00000000e0000000,0x00000000e0de4c38,0x00000000e0f00000)
  from space 2560K, 99% used [0x00000000e1180000,0x00000000e13fc4c0,0x00000000e1400000)
  to   space 2560K, 0% used [0x00000000e0f00000,0x00000000e0f00000,0x00000000e1180000)
 ParOldGen       total 40960K, used 9669K [0x00000000a0000000, 0x00000000a2800000, 0x00000000e0000000)
  object space 40960K, 23% used [0x00000000a0000000,0x00000000a09717e8,0x00000000a2800000)
 Metaspace       used 20746K, capacity 21066K, committed 21296K, reserved 1069056K
  class space    used 2551K, capacity 2651K, committed 2688K, reserved 1048576K
Event: 11.715 GC heap after
Heap after GC invocations=6 (full 1):
 PSYoungGen      total 17920K, used 2529K [0x00000000e0000000, 0x00000000e2300000, 0x0000000100000000)
  eden space 15360K, 0% used [0x00000000e0000000,0x00000000e0000000,0x00000000e0f00000)
  from space 2560K, 98% used [0x00000000e0f00000,0x00000000e11784b0,0x00000000e1180000)
  to   space 2560K, 0% used [0x00000000e2080000,0x00000000e2080000,0x00000000e2300000)
 ParOldGen       total 40960K, used 12637K [0x00000000a0000000, 0x00000000a2800000, 0x00000000e0000000)
  object space 40960K, 30% used [0x00000000a0000000,0x00000000a0c57578,0x00000000a2800000)
 Metaspace       used 20746K, capacity 21066K, committed 21296K, reserved 1069056K
  class space    used 2551K, capacity 2651K, committed 2688K, reserved 1048576K
}
Event: 11.715 GC heap before
{Heap before GC invocations=7 (full 2):
 PSYoungGen      total 17920K, used 2529K [0x00000000e0000000, 0x00000000e2300000, 0x0000000100000000)
  eden space 15360K, 0% used [0x00000000e0000000,0x00000000e0000000,0x00000000e0f00000)
  from space 2560K, 98% used [0x00000000e0f00000,0x00000000e11784b0,0x00000000e1180000)
  to   space 2560K, 0% used [0x00000000e2080000,0x00000000e2080000,0x00000000e2300000)
 ParOldGen       total 40960K, used 12637K [0x00000000a0000000, 0x00000000a2800000, 0x00000000e0000000)
  object space 40960K, 30% used [0x00000000a0000000,0x00000000a0c57578,0x00000000a2800000)
 Metaspace       used 20746K, capacity 21066K, committed 21296K, reserved 1069056K
  class space    used 2551K, capacity 2651K, committed 2688K, reserved 1048576K
Event: 11.758 GC heap after
Heap after GC invocations=7 (full 2):
 PSYoungGen      total 17920K, used 0K [0x00000000e0000000, 0x00000000e2300000, 0x0000000100000000)
  eden space 15360K, 0% used [0x00000000e0000000,0x00000000e0000000,0x00000000e0f00000)
  from space 2560K, 0% used [0x00000000e0f00000,0x00000000e0f00000,0x00000000e1180000)
  to   space 2560K, 0% used [0x00000000e2080000,0x00000000e2080000,0x00000000e2300000)
 ParOldGen       total 31232K, used 7682K [0x00000000a0000000, 0x00000000a1e80000, 0x00000000e0000000)
  object space 31232K, 24% used [0x00000000a0000000,0x00000000a07808f8,0x00000000a1e80000)
 Metaspace       used 20746K, capacity 21066K, committed 21296K, reserved 1069056K
  class space    used 2551K, capacity 2651K, committed 2688K, reserved 1048576K
}
Event: 12.233 GC heap before
{Heap before GC invocations=8 (full 2):
 PSYoungGen      total 17920K, used 15360K [0x00000000e0000000, 0x00000000e2300000, 0x0000000100000000)
  eden space 15360K, 100% used [0x00000000e0000000,0x00000000e0f00000,0x00000000e0f00000)
  from space 2560K, 0% used [0x00000000e0f00000,0x00000000e0f00000,0x00000000e1180000)
  to   space 2560K, 0% used [0x00000000e2080000,0x00000000e2080000,0x00000000e2300000)
 ParOldGen       total 31232K, used 7682K [0x00000000a0000000, 0x00000000a1e80000, 0x00000000e0000000)
  object space 31232K, 24% used [0x00000000a0000000,0x00000000a07808f8,0x00000000a1e80000)
 Metaspace       used 24058K, capacity 24472K, committed 24832K, reserved 1071104K
  class space    used 3116K, capacity 3254K, committed 3328K, reserved 1048576K
Event: 12.240 GC heap after
Heap after GC invocations=8 (full 2):
 PSYoungGen      total 28672K, used 2532K [0x00000000e0000000, 0x00000000e2900000, 0x0000000100000000)
  eden space 26112K, 0% used [0x00000000e0000000,0x00000000e0000000,0x00000000e1980000)
  from space 2560K, 98% used [0x00000000e2080000,0x00000000e22f93b8,0x00000000e2300000)
  to   space 7168K, 0% used [0x00000000e1980000,0x00000000e1980000,0x00000000e2080000)
 ParOldGen       total 31232K, used 9044K [0x00000000a0000000, 0x00000000a1e80000, 0x00000000e0000000)
  object space 31232K, 28% used [0x00000000a0000000,0x00000000a08d52d0,0x00000000a1e80000)
 Metaspace       used 24058K, capacity 24472K, committed 24832K, reserved 1071104K
  class space    used 3116K, capacity 3254K, committed 3328K, reserved 1048576K
}

