# JRE version: OpenJDK Runtime Environment (8.0_152-b01) (build 1.8.0_152-release-915-b01)
# Java VM: OpenJDK 64-Bit Server VM (25.152-b01 mixed mode windows-amd64 compressed oops)
Heap:
 PSYoungGen      total 69120K, used 31180K [0x00000000ec700000, 0x00000000f1e80000, 0x0000000100000000)
  eden space 58368K, 53% used [0x00000000ec700000,0x00000000ee573010,0x00000000f0000000)
  from space 10752K, 0% used [0x00000000f0000000,0x00000000f0000000,0x00000000f0a80000)
  to   space 13824K, 0% used [0x00000000f1100000,0x00000000f1100000,0x00000000f1e80000)
 ParOldGen       total 42496K, used 29891K [0x00000000c5400000, 0x00000000c7d80000, 0x00000000ec700000)
  object space 42496K, 70% used [0x00000000c5400000,0x00000000c7130ed0,0x00000000c7d80000)
 Metaspace       used 38593K, capacity 39154K, committed 39720K, reserved 1083392K
  class space    used 4950K, capacity 5099K, committed 5168K, reserved 1048576K
GC Heap History (10 events):
Event: 3.493 GC heap before
{Heap before GC invocations=7 (full 1):
 PSYoungGen      total 33280K, used 30720K [0x00000000ec700000, 0x00000000f1600000, 0x0000000100000000)
  eden space 30720K, 100% used [0x00000000ec700000,0x00000000ee500000,0x00000000ee500000)
  from space 2560K, 0% used [0x00000000ee500000,0x00000000ee500000,0x00000000ee780000)
  to   space 9728K, 0% used [0x00000000f0c80000,0x00000000f0c80000,0x00000000f1600000)
 ParOldGen       total 42496K, used 10589K [0x00000000c5400000, 0x00000000c7d80000, 0x00000000ec700000)
  object space 42496K, 24% used [0x00000000c5400000,0x00000000c5e57628,0x00000000c7d80000)
 Metaspace       used 25698K, capacity 26010K, committed 26544K, reserved 1073152K
  class space    used 3319K, capacity 3435K, committed 3504K, reserved 1048576K
Event: 3.514 GC heap after
Heap after GC invocations=7 (full 1):
 PSYoungGen      total 52736K, used 8684K [0x00000000ec700000, 0x00000000f1500000, 0x0000000100000000)
  eden space 44032K, 0% used [0x00000000ec700000,0x00000000ec700000,0x00000000ef200000)
  from space 8704K, 99% used [0x00000000f0c80000,0x00000000f14fb168,0x00000000f1500000)
  to   space 10752K, 0% used [0x00000000f0000000,0x00000000f0000000,0x00000000f0a80000)
 ParOldGen       total 42496K, used 10597K [0x00000000c5400000, 0x00000000c7d80000, 0x00000000ec700000)
  object space 42496K, 24% used [0x00000000c5400000,0x00000000c5e59628,0x00000000c7d80000)
 Metaspace       used 25698K, capacity 26010K, committed 26544K, reserved 1073152K
  class space    used 3319K, capacity 3435K, committed 3504K, reserved 1048576K
}
Event: 4.936 GC heap before
{Heap before GC invocations=8 (full 1):
 PSYoungGen      total 52736K, used 52716K [0x00000000ec700000, 0x00000000f1500000, 0x0000000100000000)
  eden space 44032K, 100% used [0x00000000ec700000,0x00000000ef200000,0x00000000ef200000)
  from space 8704K, 99% used [0x00000000f0c80000,0x00000000f14fb168,0x00000000f1500000)
  to   space 10752K, 0% used [0x00000000f0000000,0x00000000f0000000,0x00000000f0a80000)
 ParOldGen       total 42496K, used 10597K [0x00000000c5400000, 0x00000000c7d80000, 0x00000000ec700000)
  object space 42496K, 24% used [0x00000000c5400000,0x00000000c5e59628,0x00000000c7d80000)
 Metaspace       used 31835K, capacity 32304K, committed 32688K, reserved 1077248K
  class space    used 4102K, capacity 4238K, committed 4272K, reserved 1048576K
Event: 4.959 GC heap after
Heap after GC invocations=8 (full 1):
 PSYoungGen      total 69120K, used 10720K [0x00000000ec700000, 0x00000000f1e80000, 0x0000000100000000)
  eden space 58368K, 0% used [0x00000000ec700000,0x00000000ec700000,0x00000000f0000000)
  from space 10752K, 99% used [0x00000000f0000000,0x00000000f0a783b8,0x00000000f0a80000)
  to   space 13824K, 0% used [0x00000000f1100000,0x00000000f1100000,0x00000000f1e80000)
 ParOldGen       total 42496K, used 13769K [0x00000000c5400000, 0x00000000c7d80000, 0x00000000ec700000)
  object space 42496K, 32% used [0x00000000c5400000,0x00000000c6172548,0x00000000c7d80000)
 Metaspace       used 31835K, capacity 32304K, committed 32688K, reserved 1077248K
  class space    used 4102K, capacity 4238K, committed 4272K, reserved 1048576K
}
Event: 6.383 GC heap before
{Heap before GC invocations=9 (full 1):
 PSYoungGen      total 69120K, used 69088K [0x00000000ec700000, 0x00000000f1e80000, 0x0000000100000000)
  eden space 58368K, 100% used [0x00000000ec700000,0x00000000f0000000,0x00000000f0000000)
  from space 10752K, 99% used [0x00000000f0000000,0x00000000f0a783b8,0x00000000f0a80000)
  to   space 13824K, 0% used [0x00000000f1100000,0x00000000f1100000,0x00000000f1e80000)
 ParOldGen       total 42496K, used 13769K [0x00000000c5400000, 0x00000000c7d80000, 0x00000000ec700000)
  object space 42496K, 32% used [0x00000000c5400000,0x00000000c6172548,0x00000000c7d80000)
 Metaspace       used 34560K, capacity 35052K, committed 35496K, reserved 1081344K
  class space    used 4341K, capacity 4480K, committed 4528K, reserved 1048576K
Event: 6.422 GC heap after
Heap after GC invocations=9 (full 1):
 PSYoungGen      total 72192K, used 13809K [0x00000000ec700000, 0x00000000f1e80000, 0x0000000100000000)
  eden space 58368K, 0% used [0x00000000ec700000,0x00000000ec700000,0x00000000f0000000)
  from space 13824K, 99% used [0x00000000f1100000,0x00000000f1e7c5d0,0x00000000f1e80000)
  to   space 10752K, 0% used [0x00000000f0000000,0x00000000f0000000,0x00000000f0a80000)
 ParOldGen       total 42496K, used 22077K [0x00000000c5400000, 0x00000000c7d80000, 0x00000000ec700000)
  object space 42496K, 51% used [0x00000000c5400000,0x00000000c698f5f8,0x00000000c7d80000)
 Metaspace       used 34560K, capacity 35052K, committed 35496K, reserved 1081344K
  class space    used 4341K, capacity 4480K, committed 4528K, reserved 1048576K
}
Event: 6.527 GC heap before
{Heap before GC invocations=10 (full 1):
 PSYoungGen      total 72192K, used 18486K [0x00000000ec700000, 0x00000000f1e80000, 0x0000000100000000)
  eden space 58368K, 8% used [0x00000000ec700000,0x00000000ecb913f0,0x00000000f0000000)
  from space 13824K, 99% used [0x00000000f1100000,0x00000000f1e7c5d0,0x00000000f1e80000)
  to   space 10752K, 0% used [0x00000000f0000000,0x00000000f0000000,0x00000000f0a80000)
 ParOldGen       total 42496K, used 22077K [0x00000000c5400000, 0x00000000c7d80000, 0x00000000ec700000)
  object space 42496K, 51% used [0x00000000c5400000,0x00000000c698f5f8,0x00000000c7d80000)
 Metaspace       used 34587K, capacity 35052K, committed 35496K, reserved 1081344K
  class space    used 4343K, capacity 4480K, committed 4528K, reserved 1048576K
Event: 6.557 GC heap after
Heap after GC invocations=10 (full 1):
 PSYoungGen      total 69120K, used 10728K [0x00000000ec700000, 0x00000000f1e80000, 0x0000000100000000)
  eden space 58368K, 0% used [0x00000000ec700000,0x00000000ec700000,0x00000000f0000000)
  from space 10752K, 99% used [0x00000000f0000000,0x00000000f0a7a010,0x00000000f0a80000)
  to   space 13824K, 0% used [0x00000000f1100000,0x00000000f1100000,0x00000000f1e80000)
 ParOldGen       total 42496K, used 26009K [0x00000000c5400000, 0x00000000c7d80000, 0x00000000ec700000)
  object space 42496K, 61% used [0x00000000c5400000,0x00000000c6d66680,0x00000000c7d80000)
 Metaspace       used 34587K, capacity 35052K, committed 35496K, reserved 1081344K
  class space    used 4343K, capacity 4480K, committed 4528K, reserved 1048576K
}
Event: 6.557 GC heap before
{Heap before GC invocations=11 (full 2):
 PSYoungGen      total 69120K, used 10728K [0x00000000ec700000, 0x00000000f1e80000, 0x0000000100000000)
  eden space 58368K, 0% used [0x00000000ec700000,0x00000000ec700000,0x00000000f0000000)
  from space 10752K, 99% used [0x00000000f0000000,0x00000000f0a7a010,0x00000000f0a80000)
  to   space 13824K, 0% used [0x00000000f1100000,0x00000000f1100000,0x00000000f1e80000)
 ParOldGen       total 42496K, used 26009K [0x00000000c5400000, 0x00000000c7d80000, 0x00000000ec700000)
  object space 42496K, 61% used [0x00000000c5400000,0x00000000c6d66680,0x00000000c7d80000)
 Metaspace       used 34587K, capacity 35052K, committed 35496K, reserved 1081344K
  class space    used 4343K, capacity 4480K, committed 4528K, reserved 1048576K
Event: 6.769 GC heap after
Heap after GC invocations=11 (full 2):
 PSYoungGen      total 69120K, used 0K [0x00000000ec700000, 0x00000000f1e80000, 0x0000000100000000)
  eden space 58368K, 0% used [0x00000000ec700000,0x00000000ec700000,0x00000000f0000000)
  from space 10752K, 0% used [0x00000000f0000000,0x00000000f0000000,0x00000000f0a80000)
  to   space 13824K, 0% used [0x00000000f1100000,0x00000000f1100000,0x00000000f1e80000)
 ParOldGen       total 42496K, used 29891K [0x00000000c5400000, 0x00000000c7d80000, 0x00000000ec700000)
  object space 42496K, 70% used [0x00000000c5400000,0x00000000c7130ed0,0x00000000c7d80000)
 Metaspace       used 34587K, capacity 35052K, committed 35496K, reserved 1081344K
  class space    used 4343K, capacity 4480K, committed 4528K, reserved 1048576K
}

