# JRE version: OpenJDK Runtime Environment (8.0_152-b01) (build 1.8.0_152-release-915-b01)
# Java VM: OpenJDK 64-Bit Server VM (25.152-b01 mixed mode windows-amd64 compressed oops)
Heap:
 PSYoungGen      total 198144K, used 63495K [0x00000000e0000000, 0x00000000ee680000, 0x0000000100000000)
  eden space 167936K, 23% used [0x00000000e0000000,0x00000000e26d9670,0x00000000ea400000)
  from space 30208K, 78% used [0x00000000ea400000,0x00000000ebb28818,0x00000000ec180000)
  to   space 24064K, 0% used [0x00000000ec180000,0x00000000ec180000,0x00000000ed900000)
 ParOldGen       total 96768K, used 64462K [0x00000000a0000000, 0x00000000a5e80000, 0x00000000e0000000)
  object space 96768K, 66% used [0x00000000a0000000,0x00000000a3ef39d8,0x00000000a5e80000)
 Metaspace       used 55354K, capacity 56374K, committed 56832K, reserved 1099776K
  class space    used 6540K, capacity 6833K, committed 6912K, reserved 1048576K
GC Heap History (10 events):
Event: 2343.982 GC heap before
{Heap before GC invocations=23 (full 4):
 PSYoungGen      total 135168K, used 4296K [0x00000000e0000000, 0x00000000eb800000, 0x0000000100000000)
  eden space 111616K, 0% used [0x00000000e0000000,0x00000000e0000000,0x00000000e6d00000)
  from space 23552K, 18% used [0x00000000e6d00000,0x00000000e7132280,0x00000000e8400000)
  to   space 23552K, 0% used [0x00000000ea100000,0x00000000ea100000,0x00000000eb800000)
 ParOldGen       total 72192K, used 57449K [0x00000000a0000000, 0x00000000a4680000, 0x00000000e0000000)
  object space 72192K, 79% used [0x00000000a0000000,0x00000000a381a480,0x00000000a4680000)
 Metaspace       used 53905K, capacity 54794K, committed 55168K, reserved 1097728K
  class space    used 6449K, capacity 6685K, committed 6784K, reserved 1048576K
Event: 2344.325 GC heap after
Heap after GC invocations=23 (full 4):
 PSYoungGen      total 135168K, used 0K [0x00000000e0000000, 0x00000000eb800000, 0x0000000100000000)
  eden space 111616K, 0% used [0x00000000e0000000,0x00000000e0000000,0x00000000e6d00000)
  from space 23552K, 0% used [0x00000000e6d00000,0x00000000e6d00000,0x00000000e8400000)
  to   space 23552K, 0% used [0x00000000ea100000,0x00000000ea100000,0x00000000eb800000)
 ParOldGen       total 96768K, used 28826K [0x00000000a0000000, 0x00000000a5e80000, 0x00000000e0000000)
  object space 96768K, 29% used [0x00000000a0000000,0x00000000a1c26ae8,0x00000000a5e80000)
 Metaspace       used 53502K, capacity 54340K, committed 55168K, reserved 1097728K
  class space    used 6389K, capacity 6600K, committed 6784K, reserved 1048576K
}
Event: 3412.013 GC heap before
{Heap before GC invocations=24 (full 4):
 PSYoungGen      total 135168K, used 111616K [0x00000000e0000000, 0x00000000eb800000, 0x0000000100000000)
  eden space 111616K, 100% used [0x00000000e0000000,0x00000000e6d00000,0x00000000e6d00000)
  from space 23552K, 0% used [0x00000000e6d00000,0x00000000e6d00000,0x00000000e8400000)
  to   space 23552K, 0% used [0x00000000ea100000,0x00000000ea100000,0x00000000eb800000)
 ParOldGen       total 96768K, used 28826K [0x00000000a0000000, 0x00000000a5e80000, 0x00000000e0000000)
  object space 96768K, 29% used [0x00000000a0000000,0x00000000a1c26ae8,0x00000000a5e80000)
 Metaspace       used 53868K, capacity 54824K, committed 55424K, reserved 1097728K
  class space    used 6423K, capacity 6674K, committed 6784K, reserved 1048576K
Event: 3412.059 GC heap after
Heap after GC invocations=24 (full 4):
 PSYoungGen      total 163840K, used 17222K [0x00000000e0000000, 0x00000000eba00000, 0x0000000100000000)
  eden space 140288K, 0% used [0x00000000e0000000,0x00000000e0000000,0x00000000e8900000)
  from space 23552K, 73% used [0x00000000ea100000,0x00000000eb1d1a30,0x00000000eb800000)
  to   space 24576K, 0% used [0x00000000e8900000,0x00000000e8900000,0x00000000ea100000)
 ParOldGen       total 96768K, used 28834K [0x00000000a0000000, 0x00000000a5e80000, 0x00000000e0000000)
  object space 96768K, 29% used [0x00000000a0000000,0x00000000a1c28ae8,0x00000000a5e80000)
 Metaspace       used 53868K, capacity 54824K, committed 55424K, reserved 1097728K
  class space    used 6423K, capacity 6674K, committed 6784K, reserved 1048576K
}
Event: 4121.873 GC heap before
{Heap before GC invocations=25 (full 4):
 PSYoungGen      total 163840K, used 157510K [0x00000000e0000000, 0x00000000eba00000, 0x0000000100000000)
  eden space 140288K, 100% used [0x00000000e0000000,0x00000000e8900000,0x00000000e8900000)
  from space 23552K, 73% used [0x00000000ea100000,0x00000000eb1d1a30,0x00000000eb800000)
  to   space 24576K, 0% used [0x00000000e8900000,0x00000000e8900000,0x00000000ea100000)
 ParOldGen       total 96768K, used 28834K [0x00000000a0000000, 0x00000000a5e80000, 0x00000000e0000000)
  object space 96768K, 29% used [0x00000000a0000000,0x00000000a1c28ae8,0x00000000a5e80000)
 Metaspace       used 54312K, capacity 55204K, committed 55680K, reserved 1097728K
  class space    used 6448K, capacity 6710K, committed 6784K, reserved 1048576K
Event: 4123.548 GC heap after
Heap after GC invocations=25 (full 4):
 PSYoungGen      total 164864K, used 5742K [0x00000000e0000000, 0x00000000ed900000, 0x0000000100000000)
  eden space 140288K, 0% used [0x00000000e0000000,0x00000000e0000000,0x00000000e8900000)
  from space 24576K, 23% used [0x00000000e8900000,0x00000000e8e9b918,0x00000000ea100000)
  to   space 24064K, 0% used [0x00000000ec180000,0x00000000ec180000,0x00000000ed900000)
 ParOldGen       total 96768K, used 33663K [0x00000000a0000000, 0x00000000a5e80000, 0x00000000e0000000)
  object space 96768K, 34% used [0x00000000a0000000,0x00000000a20dffe8,0x00000000a5e80000)
 Metaspace       used 54312K, capacity 55204K, committed 55680K, reserved 1097728K
  class space    used 6448K, capacity 6710K, committed 6784K, reserved 1048576K
}
Event: 4137.499 GC heap before
{Heap before GC invocations=26 (full 4):
 PSYoungGen      total 164864K, used 146030K [0x00000000e0000000, 0x00000000ed900000, 0x0000000100000000)
  eden space 140288K, 100% used [0x00000000e0000000,0x00000000e8900000,0x00000000e8900000)
  from space 24576K, 23% used [0x00000000e8900000,0x00000000e8e9b918,0x00000000ea100000)
  to   space 24064K, 0% used [0x00000000ec180000,0x00000000ec180000,0x00000000ed900000)
 ParOldGen       total 96768K, used 33663K [0x00000000a0000000, 0x00000000a5e80000, 0x00000000e0000000)
  object space 96768K, 34% used [0x00000000a0000000,0x00000000a20dffe8,0x00000000a5e80000)
 Metaspace       used 54755K, capacity 55662K, committed 55936K, reserved 1097728K
  class space    used 6491K, capacity 6753K, committed 6784K, reserved 1048576K
Event: 4137.773 GC heap after
Heap after GC invocations=26 (full 4):
 PSYoungGen      total 192000K, used 24046K [0x00000000e0000000, 0x00000000ee680000, 0x0000000100000000)
  eden space 167936K, 0% used [0x00000000e0000000,0x00000000e0000000,0x00000000ea400000)
  from space 24064K, 99% used [0x00000000ec180000,0x00000000ed8fbbf0,0x00000000ed900000)
  to   space 30208K, 0% used [0x00000000ea400000,0x00000000ea400000,0x00000000ec180000)
 ParOldGen       total 96768K, used 40629K [0x00000000a0000000, 0x00000000a5e80000, 0x00000000e0000000)
  object space 96768K, 41% used [0x00000000a0000000,0x00000000a27ad518,0x00000000a5e80000)
 Metaspace       used 54755K, capacity 55662K, committed 55936K, reserved 1097728K
  class space    used 6491K, capacity 6753K, committed 6784K, reserved 1048576K
}
Event: 4919.660 GC heap before
{Heap before GC invocations=27 (full 4):
 PSYoungGen      total 192000K, used 191982K [0x00000000e0000000, 0x00000000ee680000, 0x0000000100000000)
  eden space 167936K, 100% used [0x00000000e0000000,0x00000000ea400000,0x00000000ea400000)
  from space 24064K, 99% used [0x00000000ec180000,0x00000000ed8fbbf0,0x00000000ed900000)
  to   space 30208K, 0% used [0x00000000ea400000,0x00000000ea400000,0x00000000ec180000)
 ParOldGen       total 96768K, used 40629K [0x00000000a0000000, 0x00000000a5e80000, 0x00000000e0000000)
  object space 96768K, 41% used [0x00000000a0000000,0x00000000a27ad518,0x00000000a5e80000)
 Metaspace       used 55341K, capacity 56374K, committed 56832K, reserved 1099776K
  class space    used 6540K, capacity 6833K, committed 6912K, reserved 1048576K
Event: 4922.803 GC heap after
Heap after GC invocations=27 (full 4):
 PSYoungGen      total 198144K, used 23714K [0x00000000e0000000, 0x00000000ee680000, 0x0000000100000000)
  eden space 167936K, 0% used [0x00000000e0000000,0x00000000e0000000,0x00000000ea400000)
  from space 30208K, 78% used [0x00000000ea400000,0x00000000ebb28818,0x00000000ec180000)
  to   space 24064K, 0% used [0x00000000ec180000,0x00000000ec180000,0x00000000ed900000)
 ParOldGen       total 96768K, used 64462K [0x00000000a0000000, 0x00000000a5e80000, 0x00000000e0000000)
  object space 96768K, 66% used [0x00000000a0000000,0x00000000a3ef39d8,0x00000000a5e80000)
 Metaspace       used 55341K, capacity 56374K, committed 56832K, reserved 1099776K
  class space    used 6540K, capacity 6833K, committed 6912K, reserved 1048576K
}

